Unity Editor version:    2020.3.32f1 (12f8b0834f07)
Branch:                  2020.3/staging
Build type:              Release
Batch mode:              YES
macOS version:           Version 12.4 (Build 21F79)
Darwin version:          21.5.0
Architecture:            x86_64
Running under Rosetta:   NO
Available memory:        8192 MB
Using pre-set license
Pro License: NO

COMMAND LINE ARGUMENTS:
/Applications/Unity/Hub/Editor/2020.3.32f1/Unity.app/Contents/MacOS/Unity
-adb2
-batchMode
-noUpm
-name
AssetImportWorker0
-projectPath
/Users/mustafawaled/Desktop/BallGame
-logFile
Logs/AssetImportWorker0.log
-srvPort
52298
Successfully changed project path to: /Users/mustafawaled/Desktop/BallGame
/Users/mustafawaled/Desktop/BallGame
Using Asset Import Pipeline V2.
Refreshing native plugins compatible for Editor in 53.52 ms, found 2 plugins.
Preloading 0 native plugins for Editor in 0.00 ms.
Initialize engine version: 2020.3.32f1 (12f8b0834f07)
[Subsystems] Discovering subsystems at path /Applications/Unity/Hub/Editor/2020.3.32f1/Unity.app/Contents/Resources/UnitySubsystems
[Subsystems] Discovering subsystems at path /Users/mustafawaled/Desktop/BallGame/Assets
GfxDevice: creating device client; threaded=0
2022-06-07 10:07:10.205 Unity[18532:1286518] Color LCD preferred device: Intel(R) Iris(TM) Plus Graphics 655 (low power)
2022-06-07 10:07:10.205 Unity[18532:1286518] Metal devices available: 1
2022-06-07 10:07:10.205 Unity[18532:1286518] 0: Intel(R) Iris(TM) Plus Graphics 655 (low power)
2022-06-07 10:07:10.206 Unity[18532:1286518] Using device Intel(R) Iris(TM) Plus Graphics 655 (low power)
Initializing Metal device caps: Intel(R) Iris(TM) Plus Graphics 655
Initialize mono
Mono path[0] = '/Applications/Unity/Hub/Editor/2020.3.32f1/Unity.app/Contents/Managed'
Mono path[1] = '/Applications/Unity/Hub/Editor/2020.3.32f1/Unity.app/Contents/MonoBleedingEdge/lib/mono/unityjit'
Mono config path = '/Applications/Unity/Hub/Editor/2020.3.32f1/Unity.app/Contents/MonoBleedingEdge/etc'
Using monoOptions --debugger-agent=transport=dt_socket,embedding=1,server=y,suspend=n,address=127.0.0.1:56532
Begin MonoManager ReloadAssembly
Registering precompiled unity dll's ...
Register platform support module: /Applications/Unity/Hub/Editor/2020.3.32f1/Unity.app/Contents/PlaybackEngines/MacStandaloneSupport/UnityEditor.OSXStandalone.Extensions.dll
Registered in 0.000347 seconds.
Native extension for OSXStandalone target not found
Refreshing native plugins compatible for Editor in 49.52 ms, found 2 plugins.
Preloading 0 native plugins for Editor in 0.00 ms.
Mono: successfully reloaded assembly
- Completed reload, in  0.660 seconds
Domain Reload Profiling:
	ReloadAssembly (660ms)
		BeginReloadAssembly (50ms)
			ExecutionOrderSort (0ms)
			DisableScriptedObjects (0ms)
			BackupInstance (0ms)
			ReleaseScriptingObjects (0ms)
			CreateAndSetChildDomain (1ms)
		EndReloadAssembly (532ms)
			LoadAssemblies (50ms)
			RebuildTransferFunctionScriptingTraits (0ms)
			SetupTypeCache (193ms)
			ReleaseScriptCaches (0ms)
			RebuildScriptCaches (45ms)
			SetupLoadedEditorAssemblies (201ms)
				LogAssemblyErrors (0ms)
				InitializePlatformSupportModulesInManaged (5ms)
				SetLoadedEditorAssemblies (0ms)
				RefreshPlugins (50ms)
				BeforeProcessingInitializeOnLoad (11ms)
				ProcessInitializeOnLoadAttributes (104ms)
				ProcessInitializeOnLoadMethodAttributes (31ms)
				AfterProcessingInitializeOnLoad (0ms)
				EditorAssembliesLoaded (0ms)
			ExecutionOrderSort2 (0ms)
			AwakeInstancesAfterBackupRestoration (0ms)
Platform modules already initialized, skipping
Registering precompiled user dll's ...
Registered in 0.001020 seconds.
Begin MonoManager ReloadAssembly
Native extension for OSXStandalone target not found
Refreshing native plugins compatible for Editor in 45.50 ms, found 2 plugins.
Preloading 0 native plugins for Editor in 0.00 ms.
Mono: successfully reloaded assembly
- Completed reload, in  1.310 seconds
Domain Reload Profiling:
	ReloadAssembly (1310ms)
		BeginReloadAssembly (166ms)
			ExecutionOrderSort (0ms)
			DisableScriptedObjects (5ms)
			BackupInstance (0ms)
			ReleaseScriptingObjects (0ms)
			CreateAndSetChildDomain (29ms)
		EndReloadAssembly (1077ms)
			LoadAssemblies (117ms)
			RebuildTransferFunctionScriptingTraits (0ms)
			SetupTypeCache (359ms)
			ReleaseScriptCaches (1ms)
			RebuildScriptCaches (58ms)
			SetupLoadedEditorAssemblies (420ms)
				LogAssemblyErrors (0ms)
				InitializePlatformSupportModulesInManaged (4ms)
				SetLoadedEditorAssemblies (0ms)
				RefreshPlugins (46ms)
				BeforeProcessingInitializeOnLoad (70ms)
				ProcessInitializeOnLoadAttributes (290ms)
				ProcessInitializeOnLoadMethodAttributes (10ms)
				AfterProcessingInitializeOnLoad (1ms)
				EditorAssembliesLoaded (0ms)
			ExecutionOrderSort2 (0ms)
			AwakeInstancesAfterBackupRestoration (7ms)
Platform modules already initialized, skipping
Validating Project structure ... 0.002594 seconds.
Shader import version has changed; will reimport all shaders...
Upgrading shader files ...0.020816 seconds.
Application.AssetDatabase Initial Script Refresh Start
RefreshInfo: InitialScriptRefreshV2(NoUpdateAssetOptions) scanfilter:  ... 1 filters
RefreshProfiler: Total: 0.000ms
Application.AssetDatabase Initial Script Refresh End
Application.AssetDatabase.Refresh Start
Application.AssetDatabase.Refresh End
RefreshInfo: StopAssetImportingV2(ForceSynchronousImport) scanfilter: 
RefreshProfiler: Total: 0.000ms
Launching external process: /Applications/Unity/Hub/Editor/2020.3.32f1/Unity.app/Contents/Tools/UnityShaderCompiler
Launched and connected shader compiler UnityShaderCompiler after 0.01 seconds
Initializing Unity extensions:
2022-06-07 10:07:13.730 Unity[18532:1286518] NSEventModifierFlagFunction specified to -setKeyEquivalentModifierMask: for item <NSMenuItem: 0x6000011fd180 Font Asset, ke='Command-F12'>, but is only supported for system-provided menu items; will not be used
2022-06-07 10:07:13.734 Unity[18532:1286518] NSEventModifierFlagFunction specified to -setKeyEquivalentModifierMask: for item <NSMenuItem: 0x6000011c88c0 Font Asset, ke='Command-F12'>, but is only supported for system-provided menu items; will not be used
========================================================================
Worker process is ready to serve import requests
Refreshing native plugins compatible for Editor in 0.45 ms, found 2 plugins.
Preloading 0 native plugins for Editor in 0.00 ms.
Unloading 2253 Unused Serialized files (Serialized files now loaded: 0)
System memory in use before: 237.1 MB.
System memory in use after: 237.2 MB.

Unloading 125 unused Assets to reduce memory usage. Loaded Objects now: 2763.
Total: 4.162000 ms (FindLiveObjects: 0.213005 ms CreateObjectMapping: 0.164182 ms MarkObjects: 3.615912 ms  DeleteObjects: 0.168025 ms)

AssetImportParameters requested are different than current active one (requested -> active):
  custom:video-decoder-ogg-theora: a1e56fd34408186e4bbccfd4996cb3dc -> 
  custom:container-muxer-webm: aa71ff27fc2769a1b78a27578f13a17b -> 
  custom:container-demuxer-webm: 4f35f7cbe854078d1ac9338744f61a02 -> 
  custom:container-demuxer-ogg: 62fdf1f143b41e24485cea50d1cbac27 -> 
  custom:video-encoder-webm-vp8: eb34c28f22e8b96e1ab97ce403110664 -> 
  custom:framework-osx-AVFoundation: e770b220cccbd017edd2c1fefb359320 -> 
  custom:video-decoder-webm-vp8: 9c59270c3fd7afecdb556c50c9e8de78 -> 
  custom:audio-decoder-ogg-vorbis: bf7c407c2cedff20999df2af8eb42d56 -> 
  custom:audio-encoder-webm-vorbis: bf7c407c2cedff20999df2af8eb42d56 -> 
========================================================================
Received Import Request.
  path: Assets/Scenes/level-3.unity
  artifactKey: Guid(d9653a78d42bc4c89b78f8c03bc0cbaa) Importer(815301076,1909f56bfc062723c751e8b465ee728b)
Start importing Assets/Scenes/level-3.unity using Guid(d9653a78d42bc4c89b78f8c03bc0cbaa) Importer(815301076,1909f56bfc062723c751e8b465ee728b)  -> (artifact id: '2348d7eb265340c65afac3b4e8c75db8') in 0.009381 seconds 
========================================================================
Received Prepare
Registering precompiled user dll's ...
Registered in 0.004443 seconds.
Begin MonoManager ReloadAssembly
Native extension for OSXStandalone target not found
Refreshing native plugins compatible for Editor in 0.60 ms, found 2 plugins.
Preloading 0 native plugins for Editor in 0.00 ms.
2022-06-07 10:12:07.363 Unity[18532:1286518] NSEventModifierFlagFunction specified to -setKeyEquivalentModifierMask: for item <NSMenuItem: 0x6000011e5c00 Font Asset, ke='Command-F12'>, but is only supported for system-provided menu items; will not be used
Mono: successfully reloaded assembly
- Completed reload, in  1.446 seconds
Domain Reload Profiling:
	ReloadAssembly (1447ms)
		BeginReloadAssembly (215ms)
			ExecutionOrderSort (0ms)
			DisableScriptedObjects (8ms)
			BackupInstance (0ms)
			ReleaseScriptingObjects (0ms)
			CreateAndSetChildDomain (62ms)
		EndReloadAssembly (1151ms)
			LoadAssemblies (163ms)
			RebuildTransferFunctionScriptingTraits (0ms)
			SetupTypeCache (380ms)
			ReleaseScriptCaches (1ms)
			RebuildScriptCaches (72ms)
			SetupLoadedEditorAssemblies (438ms)
				LogAssemblyErrors (0ms)
				InitializePlatformSupportModulesInManaged (4ms)
				SetLoadedEditorAssemblies (1ms)
				RefreshPlugins (1ms)
				BeforeProcessingInitializeOnLoad (138ms)
				ProcessInitializeOnLoadAttributes (279ms)
				ProcessInitializeOnLoadMethodAttributes (14ms)
				AfterProcessingInitializeOnLoad (1ms)
				EditorAssembliesLoaded (0ms)
			ExecutionOrderSort2 (0ms)
			AwakeInstancesAfterBackupRestoration (8ms)
Platform modules already initialized, skipping
Refreshing native plugins compatible for Editor in 0.47 ms, found 2 plugins.
Preloading 0 native plugins for Editor in 0.00 ms.
Unloading 2210 Unused Serialized files (Serialized files now loaded: 0)
System memory in use before: 234.3 MB.
System memory in use after: 234.5 MB.

Unloading 13 unused Assets to reduce memory usage. Loaded Objects now: 2767.
Total: 4.111593 ms (FindLiveObjects: 0.201017 ms CreateObjectMapping: 0.106656 ms MarkObjects: 3.780831 ms  DeleteObjects: 0.022353 ms)

AssetImportParameters requested are different than current active one (requested -> active):
  custom:video-decoder-ogg-theora: a1e56fd34408186e4bbccfd4996cb3dc -> 
  custom:container-muxer-webm: aa71ff27fc2769a1b78a27578f13a17b -> 
  custom:container-demuxer-webm: 4f35f7cbe854078d1ac9338744f61a02 -> 
  custom:container-demuxer-ogg: 62fdf1f143b41e24485cea50d1cbac27 -> 
  custom:video-encoder-webm-vp8: eb34c28f22e8b96e1ab97ce403110664 -> 
  custom:framework-osx-AVFoundation: e770b220cccbd017edd2c1fefb359320 -> 
  custom:video-decoder-webm-vp8: 9c59270c3fd7afecdb556c50c9e8de78 -> 
  custom:audio-decoder-ogg-vorbis: bf7c407c2cedff20999df2af8eb42d56 -> 
  custom:audio-encoder-webm-vorbis: bf7c407c2cedff20999df2af8eb42d56 -> 
========================================================================
Received Import Request.
  Time since last request: 618.360320 seconds.
  path: Assets/Scenes/Level1.unity
  artifactKey: Guid(9fc0d4010bbf28b4594072e72b8655ab) Importer(815301076,1909f56bfc062723c751e8b465ee728b)
Start importing Assets/Scenes/Level1.unity using Guid(9fc0d4010bbf28b4594072e72b8655ab) Importer(815301076,1909f56bfc062723c751e8b465ee728b)  -> (artifact id: '89cc45ef5889874316094e8528a226e9') in 0.073398 seconds 
========================================================================
Received Prepare
Registering precompiled user dll's ...
Registered in 0.005606 seconds.
Begin MonoManager ReloadAssembly
Native extension for OSXStandalone target not found
Refreshing native plugins compatible for Editor in 0.55 ms, found 2 plugins.
Preloading 0 native plugins for Editor in 0.00 ms.
2022-06-07 10:18:56.856 Unity[18532:1286518] NSEventModifierFlagFunction specified to -setKeyEquivalentModifierMask: for item <NSMenuItem: 0x6000011cedf0 Font Asset, ke='Command-F12'>, but is only supported for system-provided menu items; will not be used
Mono: successfully reloaded assembly
- Completed reload, in  1.522 seconds
Domain Reload Profiling:
	ReloadAssembly (1524ms)
		BeginReloadAssembly (302ms)
			ExecutionOrderSort (0ms)
			DisableScriptedObjects (9ms)
			BackupInstance (0ms)
			ReleaseScriptingObjects (0ms)
			CreateAndSetChildDomain (112ms)
		EndReloadAssembly (1154ms)
			LoadAssemblies (199ms)
			RebuildTransferFunctionScriptingTraits (0ms)
			SetupTypeCache (408ms)
			ReleaseScriptCaches (1ms)
			RebuildScriptCaches (54ms)
			SetupLoadedEditorAssemblies (432ms)
				LogAssemblyErrors (0ms)
				InitializePlatformSupportModulesInManaged (5ms)
				SetLoadedEditorAssemblies (1ms)
				RefreshPlugins (1ms)
				BeforeProcessingInitializeOnLoad (130ms)
				ProcessInitializeOnLoadAttributes (282ms)
				ProcessInitializeOnLoadMethodAttributes (13ms)
				AfterProcessingInitializeOnLoad (1ms)
				EditorAssembliesLoaded (0ms)
			ExecutionOrderSort2 (0ms)
			AwakeInstancesAfterBackupRestoration (7ms)
Platform modules already initialized, skipping
Refreshing native plugins compatible for Editor in 0.51 ms, found 2 plugins.
Preloading 0 native plugins for Editor in 0.00 ms.
Unloading 2210 Unused Serialized files (Serialized files now loaded: 0)
System memory in use before: 234.7 MB.
System memory in use after: 234.9 MB.

Unloading 12 unused Assets to reduce memory usage. Loaded Objects now: 2770.
Total: 3.549980 ms (FindLiveObjects: 0.263474 ms CreateObjectMapping: 0.128578 ms MarkObjects: 3.126469 ms  DeleteObjects: 0.030676 ms)

AssetImportParameters requested are different than current active one (requested -> active):
  custom:video-decoder-ogg-theora: a1e56fd34408186e4bbccfd4996cb3dc -> 
  custom:container-muxer-webm: aa71ff27fc2769a1b78a27578f13a17b -> 
  custom:container-demuxer-webm: 4f35f7cbe854078d1ac9338744f61a02 -> 
  custom:container-demuxer-ogg: 62fdf1f143b41e24485cea50d1cbac27 -> 
  custom:video-encoder-webm-vp8: eb34c28f22e8b96e1ab97ce403110664 -> 
  custom:framework-osx-AVFoundation: e770b220cccbd017edd2c1fefb359320 -> 
  custom:video-decoder-webm-vp8: 9c59270c3fd7afecdb556c50c9e8de78 -> 
  custom:audio-decoder-ogg-vorbis: bf7c407c2cedff20999df2af8eb42d56 -> 
  custom:audio-encoder-webm-vorbis: bf7c407c2cedff20999df2af8eb42d56 -> 
========================================================================
Received Import Request.
  Time since last request: 85.455755 seconds.
  path: Assets/Scenes/Level-2.unity
  artifactKey: Guid(b4b6b58524e034b78bf314f2857f1d20) Importer(815301076,1909f56bfc062723c751e8b465ee728b)
Start importing Assets/Scenes/Level-2.unity using Guid(b4b6b58524e034b78bf314f2857f1d20) Importer(815301076,1909f56bfc062723c751e8b465ee728b)  -> (artifact id: 'cf89504891b38486cef0b7a8ef0e7173') in 0.004665 seconds 
========================================================================
Received Import Request.
  Time since last request: 11.260029 seconds.
  path: Assets/Scenes/Level1.unity
  artifactKey: Guid(9fc0d4010bbf28b4594072e72b8655ab) Importer(815301076,1909f56bfc062723c751e8b465ee728b)
Start importing Assets/Scenes/Level1.unity using Guid(9fc0d4010bbf28b4594072e72b8655ab) Importer(815301076,1909f56bfc062723c751e8b465ee728b)  -> (artifact id: '63d3bd69f9661ba7b8be60adca34006b') in 0.001318 seconds 
========================================================================
Received Prepare
Registering precompiled user dll's ...
Registered in 0.007773 seconds.
Begin MonoManager ReloadAssembly
Native extension for OSXStandalone target not found
Refreshing native plugins compatible for Editor in 0.90 ms, found 2 plugins.
Preloading 0 native plugins for Editor in 0.00 ms.
2022-06-07 10:30:23.789 Unity[18532:1286518] NSEventModifierFlagFunction specified to -setKeyEquivalentModifierMask: for item <NSMenuItem: 0x6000011a3790 Font Asset, ke='Command-F12'>, but is only supported for system-provided menu items; will not be used
Mono: successfully reloaded assembly
- Completed reload, in  2.023 seconds
Domain Reload Profiling:
	ReloadAssembly (2026ms)
		BeginReloadAssembly (305ms)
			ExecutionOrderSort (0ms)
			DisableScriptedObjects (11ms)
			BackupInstance (0ms)
			ReleaseScriptingObjects (0ms)
			CreateAndSetChildDomain (110ms)
		EndReloadAssembly (1611ms)
			LoadAssemblies (192ms)
			RebuildTransferFunctionScriptingTraits (0ms)
			SetupTypeCache (594ms)
			ReleaseScriptCaches (2ms)
			RebuildScriptCaches (78ms)
			SetupLoadedEditorAssemblies (600ms)
				LogAssemblyErrors (0ms)
				InitializePlatformSupportModulesInManaged (7ms)
				SetLoadedEditorAssemblies (1ms)
				RefreshPlugins (1ms)
				BeforeProcessingInitializeOnLoad (174ms)
				ProcessInitializeOnLoadAttributes (393ms)
				ProcessInitializeOnLoadMethodAttributes (23ms)
				AfterProcessingInitializeOnLoad (1ms)
				EditorAssembliesLoaded (0ms)
			ExecutionOrderSort2 (0ms)
			AwakeInstancesAfterBackupRestoration (8ms)
Platform modules already initialized, skipping
Refreshing native plugins compatible for Editor in 0.66 ms, found 2 plugins.
Preloading 0 native plugins for Editor in 0.00 ms.
Unloading 2210 Unused Serialized files (Serialized files now loaded: 0)
System memory in use before: 235.3 MB.
System memory in use after: 235.5 MB.

Unloading 12 unused Assets to reduce memory usage. Loaded Objects now: 2773.
Total: 4.780448 ms (FindLiveObjects: 0.260481 ms CreateObjectMapping: 0.121661 ms MarkObjects: 4.367216 ms  DeleteObjects: 0.030050 ms)

AssetImportParameters requested are different than current active one (requested -> active):
  custom:video-decoder-ogg-theora: a1e56fd34408186e4bbccfd4996cb3dc -> 
  custom:container-muxer-webm: aa71ff27fc2769a1b78a27578f13a17b -> 
  custom:container-demuxer-webm: 4f35f7cbe854078d1ac9338744f61a02 -> 
  custom:container-demuxer-ogg: 62fdf1f143b41e24485cea50d1cbac27 -> 
  custom:video-encoder-webm-vp8: eb34c28f22e8b96e1ab97ce403110664 -> 
  custom:framework-osx-AVFoundation: e770b220cccbd017edd2c1fefb359320 -> 
  custom:video-decoder-webm-vp8: 9c59270c3fd7afecdb556c50c9e8de78 -> 
  custom:audio-decoder-ogg-vorbis: bf7c407c2cedff20999df2af8eb42d56 -> 
  custom:audio-encoder-webm-vorbis: bf7c407c2cedff20999df2af8eb42d56 -> 
========================================================================
Received Import Request.
  Time since last request: 947.624691 seconds.
  path: Assets/Prefabs/StalkCoins.prefab
  artifactKey: Guid(a5ce370cf7e4a4dfcb51a8770a5baf69) Importer(815301076,1909f56bfc062723c751e8b465ee728b)
Start importing Assets/Prefabs/StalkCoins.prefab using Guid(a5ce370cf7e4a4dfcb51a8770a5baf69) Importer(815301076,1909f56bfc062723c751e8b465ee728b)  -> (artifact id: '946c3a8780be6610129f3834e281f7bc') in 0.408881 seconds 
========================================================================
Received Import Request.
  Time since last request: 6.850233 seconds.
  path: Assets/Prefabs/StalkCoins.prefab
  artifactKey: Guid(a5ce370cf7e4a4dfcb51a8770a5baf69) Importer(815301076,1909f56bfc062723c751e8b465ee728b)
Start importing Assets/Prefabs/StalkCoins.prefab using Guid(a5ce370cf7e4a4dfcb51a8770a5baf69) Importer(815301076,1909f56bfc062723c751e8b465ee728b)  -> (artifact id: '2ee2fc8fc9bf9c05973329547cf8dee5') in 0.012988 seconds 
========================================================================
Received Import Request.
  Time since last request: 7.538808 seconds.
  path: Assets/Prefabs/StalkCoins.prefab
  artifactKey: Guid(a5ce370cf7e4a4dfcb51a8770a5baf69) Importer(815301076,1909f56bfc062723c751e8b465ee728b)
Start importing Assets/Prefabs/StalkCoins.prefab using Guid(a5ce370cf7e4a4dfcb51a8770a5baf69) Importer(815301076,1909f56bfc062723c751e8b465ee728b)  -> (artifact id: 'd22be9b420cc13dc002eeacbc3988da9') in 0.017581 seconds 
========================================================================
Received Import Request.
  Time since last request: 4.839058 seconds.
  path: Assets/Prefabs/StalkCoins.prefab
  artifactKey: Guid(a5ce370cf7e4a4dfcb51a8770a5baf69) Importer(815301076,1909f56bfc062723c751e8b465ee728b)
Start importing Assets/Prefabs/StalkCoins.prefab using Guid(a5ce370cf7e4a4dfcb51a8770a5baf69) Importer(815301076,1909f56bfc062723c751e8b465ee728b)  -> (artifact id: 'f788c429b2b8b4ede469d8958eebc116') in 0.017743 seconds 
========================================================================
Received Import Request.
  Time since last request: 4.717992 seconds.
  path: Assets/Prefabs/StalkCoins.prefab
  artifactKey: Guid(a5ce370cf7e4a4dfcb51a8770a5baf69) Importer(815301076,1909f56bfc062723c751e8b465ee728b)
Start importing Assets/Prefabs/StalkCoins.prefab using Guid(a5ce370cf7e4a4dfcb51a8770a5baf69) Importer(815301076,1909f56bfc062723c751e8b465ee728b)  -> (artifact id: 'bf371b05e5a92acf289013c6a8284ff0') in 0.021219 seconds 
========================================================================
Received Import Request.
  Time since last request: 5.927217 seconds.
  path: Assets/Prefabs/StalkCoins.prefab
  artifactKey: Guid(a5ce370cf7e4a4dfcb51a8770a5baf69) Importer(815301076,1909f56bfc062723c751e8b465ee728b)
Start importing Assets/Prefabs/StalkCoins.prefab using Guid(a5ce370cf7e4a4dfcb51a8770a5baf69) Importer(815301076,1909f56bfc062723c751e8b465ee728b)  -> (artifact id: 'b8c0428d728b05330fe65a862c492f84') in 0.021408 seconds 
========================================================================
Received Import Request.
  Time since last request: 12.123136 seconds.
  path: Assets/Prefabs/StalkCoins.prefab
  artifactKey: Guid(a5ce370cf7e4a4dfcb51a8770a5baf69) Importer(815301076,1909f56bfc062723c751e8b465ee728b)
Start importing Assets/Prefabs/StalkCoins.prefab using Guid(a5ce370cf7e4a4dfcb51a8770a5baf69) Importer(815301076,1909f56bfc062723c751e8b465ee728b)  -> (artifact id: 'c1c645226c40f2c94ba45e7796293947') in 0.030831 seconds 
========================================================================
Received Import Request.
  Time since last request: 4.672959 seconds.
  path: Assets/Prefabs/StalkCoins.prefab
  artifactKey: Guid(a5ce370cf7e4a4dfcb51a8770a5baf69) Importer(815301076,1909f56bfc062723c751e8b465ee728b)
Start importing Assets/Prefabs/StalkCoins.prefab using Guid(a5ce370cf7e4a4dfcb51a8770a5baf69) Importer(815301076,1909f56bfc062723c751e8b465ee728b)  -> (artifact id: '0fe68ecb4fd764594f103dc6f1cef6f6') in 0.018712 seconds 
========================================================================
Received Import Request.
  Time since last request: 4.248066 seconds.
  path: Assets/Prefabs/StalkCoins.prefab
  artifactKey: Guid(a5ce370cf7e4a4dfcb51a8770a5baf69) Importer(815301076,1909f56bfc062723c751e8b465ee728b)
Start importing Assets/Prefabs/StalkCoins.prefab using Guid(a5ce370cf7e4a4dfcb51a8770a5baf69) Importer(815301076,1909f56bfc062723c751e8b465ee728b)  -> (artifact id: '1d54c47589e107d500696692695e3013') in 0.022105 seconds 
========================================================================
Received Import Request.
  Time since last request: 3.081656 seconds.
  path: Assets/Prefabs/StalkCoins.prefab
  artifactKey: Guid(a5ce370cf7e4a4dfcb51a8770a5baf69) Importer(815301076,1909f56bfc062723c751e8b465ee728b)
Start importing Assets/Prefabs/StalkCoins.prefab using Guid(a5ce370cf7e4a4dfcb51a8770a5baf69) Importer(815301076,1909f56bfc062723c751e8b465ee728b)  -> (artifact id: '9ffc58dc910e0443811a106d2ecd1569') in 0.017454 seconds 
========================================================================
Received Import Request.
  Time since last request: 8.768883 seconds.
  path: Assets/Prefabs/StalkCoins.prefab
  artifactKey: Guid(a5ce370cf7e4a4dfcb51a8770a5baf69) Importer(815301076,1909f56bfc062723c751e8b465ee728b)
Start importing Assets/Prefabs/StalkCoins.prefab using Guid(a5ce370cf7e4a4dfcb51a8770a5baf69) Importer(815301076,1909f56bfc062723c751e8b465ee728b)  -> (artifact id: 'ab4b0ea880ae81786f990143febd6221') in 0.019681 seconds 
========================================================================
Received Import Request.
  Time since last request: 8.685509 seconds.
  path: Assets/Prefabs/StalkCoins.prefab
  artifactKey: Guid(a5ce370cf7e4a4dfcb51a8770a5baf69) Importer(815301076,1909f56bfc062723c751e8b465ee728b)
Start importing Assets/Prefabs/StalkCoins.prefab using Guid(a5ce370cf7e4a4dfcb51a8770a5baf69) Importer(815301076,1909f56bfc062723c751e8b465ee728b)  -> (artifact id: '62603c9d3aa60da807586386d033bc2d') in 0.013945 seconds 
========================================================================
Received Import Request.
  Time since last request: 4.713882 seconds.
  path: Assets/Prefabs/StalkCoins.prefab
  artifactKey: Guid(a5ce370cf7e4a4dfcb51a8770a5baf69) Importer(815301076,1909f56bfc062723c751e8b465ee728b)
Start importing Assets/Prefabs/StalkCoins.prefab using Guid(a5ce370cf7e4a4dfcb51a8770a5baf69) Importer(815301076,1909f56bfc062723c751e8b465ee728b)  -> (artifact id: '925d3cad56e7e8527f79acdf958677e9') in 0.029851 seconds 
========================================================================
Received Import Request.
  Time since last request: 5.902951 seconds.
  path: Assets/Prefabs/StalkCoins.prefab
  artifactKey: Guid(a5ce370cf7e4a4dfcb51a8770a5baf69) Importer(815301076,1909f56bfc062723c751e8b465ee728b)
Start importing Assets/Prefabs/StalkCoins.prefab using Guid(a5ce370cf7e4a4dfcb51a8770a5baf69) Importer(815301076,1909f56bfc062723c751e8b465ee728b)  -> (artifact id: 'b3271febc59416f15b2adb1f1f4ddce3') in 0.034490 seconds 
========================================================================
Received Import Request.
  Time since last request: 174.692346 seconds.
  path: Assets/Prefabs/Water.prefab
  artifactKey: Guid(866e86e4a755b4a7da3a51265ca2222c) Importer(815301076,1909f56bfc062723c751e8b465ee728b)
Start importing Assets/Prefabs/Water.prefab using Guid(866e86e4a755b4a7da3a51265ca2222c) Importer(815301076,1909f56bfc062723c751e8b465ee728b)  -> (artifact id: '0dccf7bd4cc176c8ad3e3ddaca1e152f') in 0.035660 seconds 
========================================================================
Received Import Request.
  Time since last request: 31.649098 seconds.
  path: Assets/Prefabs/Water.prefab
  artifactKey: Guid(866e86e4a755b4a7da3a51265ca2222c) Importer(815301076,1909f56bfc062723c751e8b465ee728b)
Start importing Assets/Prefabs/Water.prefab using Guid(866e86e4a755b4a7da3a51265ca2222c) Importer(815301076,1909f56bfc062723c751e8b465ee728b)  -> (artifact id: '300fe77a7903f3c3ce4c46c3f3591ebe') in 0.020885 seconds 
========================================================================
Received Import Request.
  Time since last request: 77.724938 seconds.
  path: Assets/Prefabs/Water.prefab
  artifactKey: Guid(866e86e4a755b4a7da3a51265ca2222c) Importer(815301076,1909f56bfc062723c751e8b465ee728b)
Start importing Assets/Prefabs/Water.prefab using Guid(866e86e4a755b4a7da3a51265ca2222c) Importer(815301076,1909f56bfc062723c751e8b465ee728b)  -> (artifact id: 'c2f47aa810ae00e5455c6fb0d6edbfdc') in 0.018775 seconds 
========================================================================
Received Import Request.
  Time since last request: 4.882694 seconds.
  path: Assets/Prefabs/Water.prefab
  artifactKey: Guid(866e86e4a755b4a7da3a51265ca2222c) Importer(815301076,1909f56bfc062723c751e8b465ee728b)
Start importing Assets/Prefabs/Water.prefab using Guid(866e86e4a755b4a7da3a51265ca2222c) Importer(815301076,1909f56bfc062723c751e8b465ee728b)  -> (artifact id: '1db3f60444228ea98627527a09cdc2f9') in 0.025497 seconds 
========================================================================
Received Import Request.
  Time since last request: 6.066720 seconds.
  path: Assets/Prefabs/Water.prefab
  artifactKey: Guid(866e86e4a755b4a7da3a51265ca2222c) Importer(815301076,1909f56bfc062723c751e8b465ee728b)
Start importing Assets/Prefabs/Water.prefab using Guid(866e86e4a755b4a7da3a51265ca2222c) Importer(815301076,1909f56bfc062723c751e8b465ee728b)  -> (artifact id: '5b0a94fa6f3ec9fe9ede3f4c6e5b95c9') in 0.026160 seconds 
========================================================================
Received Prepare
Registering precompiled user dll's ...
Registered in 0.002040 seconds.
Begin MonoManager ReloadAssembly
Native extension for OSXStandalone target not found
Refreshing native plugins compatible for Editor in 0.57 ms, found 2 plugins.
Preloading 0 native plugins for Editor in 0.00 ms.
2022-06-07 10:41:54.896 Unity[18532:1286518] NSEventModifierFlagFunction specified to -setKeyEquivalentModifierMask: for item <NSMenuItem: 0x600001189d50 Font Asset, ke='Command-F12'>, but is only supported for system-provided menu items; will not be used
Mono: successfully reloaded assembly
- Completed reload, in  1.553 seconds
Domain Reload Profiling:
	ReloadAssembly (1555ms)
		BeginReloadAssembly (403ms)
			ExecutionOrderSort (0ms)
			DisableScriptedObjects (8ms)
			BackupInstance (0ms)
			ReleaseScriptingObjects (0ms)
			CreateAndSetChildDomain (283ms)
		EndReloadAssembly (1083ms)
			LoadAssemblies (117ms)
			RebuildTransferFunctionScriptingTraits (0ms)
			SetupTypeCache (378ms)
			ReleaseScriptCaches (2ms)
			RebuildScriptCaches (53ms)
			SetupLoadedEditorAssemblies (418ms)
				LogAssemblyErrors (0ms)
				InitializePlatformSupportModulesInManaged (4ms)
				SetLoadedEditorAssemblies (1ms)
				RefreshPlugins (1ms)
				BeforeProcessingInitializeOnLoad (131ms)
				ProcessInitializeOnLoadAttributes (265ms)
				ProcessInitializeOnLoadMethodAttributes (15ms)
				AfterProcessingInitializeOnLoad (1ms)
				EditorAssembliesLoaded (0ms)
			ExecutionOrderSort2 (0ms)
			AwakeInstancesAfterBackupRestoration (8ms)
Platform modules already initialized, skipping
Refreshing native plugins compatible for Editor in 0.56 ms, found 2 plugins.
Preloading 0 native plugins for Editor in 0.00 ms.
Unloading 2210 Unused Serialized files (Serialized files now loaded: 0)
System memory in use before: 240.1 MB.
System memory in use after: 240.3 MB.

Unloading 12 unused Assets to reduce memory usage. Loaded Objects now: 2785.
Total: 4.005733 ms (FindLiveObjects: 0.438068 ms CreateObjectMapping: 0.261657 ms MarkObjects: 3.272339 ms  DeleteObjects: 0.032727 ms)

AssetImportParameters requested are different than current active one (requested -> active):
  custom:video-decoder-ogg-theora: a1e56fd34408186e4bbccfd4996cb3dc -> 
  custom:container-muxer-webm: aa71ff27fc2769a1b78a27578f13a17b -> 
  custom:container-demuxer-webm: 4f35f7cbe854078d1ac9338744f61a02 -> 
  custom:container-demuxer-ogg: 62fdf1f143b41e24485cea50d1cbac27 -> 
  custom:video-encoder-webm-vp8: eb34c28f22e8b96e1ab97ce403110664 -> 
  custom:framework-osx-AVFoundation: e770b220cccbd017edd2c1fefb359320 -> 
  custom:video-decoder-webm-vp8: 9c59270c3fd7afecdb556c50c9e8de78 -> 
  custom:audio-decoder-ogg-vorbis: bf7c407c2cedff20999df2af8eb42d56 -> 
  custom:audio-encoder-webm-vorbis: bf7c407c2cedff20999df2af8eb42d56 -> 
========================================================================
Received Prepare
Registering precompiled user dll's ...
Registered in 0.001057 seconds.
Begin MonoManager ReloadAssembly
Native extension for OSXStandalone target not found
Refreshing native plugins compatible for Editor in 0.59 ms, found 2 plugins.
Preloading 0 native plugins for Editor in 0.00 ms.
2022-06-07 10:42:51.229 Unity[18532:1286518] NSEventModifierFlagFunction specified to -setKeyEquivalentModifierMask: for item <NSMenuItem: 0x6000011eefb0 Font Asset, ke='Command-F12'>, but is only supported for system-provided menu items; will not be used
Mono: successfully reloaded assembly
- Completed reload, in  1.238 seconds
Domain Reload Profiling:
	ReloadAssembly (1238ms)
		BeginReloadAssembly (132ms)
			ExecutionOrderSort (0ms)
			DisableScriptedObjects (5ms)
			BackupInstance (0ms)
			ReleaseScriptingObjects (0ms)
			CreateAndSetChildDomain (53ms)
		EndReloadAssembly (1036ms)
			LoadAssemblies (89ms)
			RebuildTransferFunctionScriptingTraits (0ms)
			SetupTypeCache (357ms)
			ReleaseScriptCaches (1ms)
			RebuildScriptCaches (51ms)
			SetupLoadedEditorAssemblies (414ms)
				LogAssemblyErrors (0ms)
				InitializePlatformSupportModulesInManaged (3ms)
				SetLoadedEditorAssemblies (1ms)
				RefreshPlugins (1ms)
				BeforeProcessingInitializeOnLoad (123ms)
				ProcessInitializeOnLoadAttributes (276ms)
				ProcessInitializeOnLoadMethodAttributes (9ms)
				AfterProcessingInitializeOnLoad (1ms)
				EditorAssembliesLoaded (0ms)
			ExecutionOrderSort2 (0ms)
			AwakeInstancesAfterBackupRestoration (7ms)
Platform modules already initialized, skipping
Refreshing native plugins compatible for Editor in 0.51 ms, found 2 plugins.
Preloading 0 native plugins for Editor in 0.00 ms.
Unloading 2210 Unused Serialized files (Serialized files now loaded: 0)
System memory in use before: 240.2 MB.
System memory in use after: 240.4 MB.

Unloading 12 unused Assets to reduce memory usage. Loaded Objects now: 2788.
Total: 3.049920 ms (FindLiveObjects: 0.182188 ms CreateObjectMapping: 0.090760 ms MarkObjects: 2.757244 ms  DeleteObjects: 0.019121 ms)

AssetImportParameters requested are different than current active one (requested -> active):
  custom:video-decoder-ogg-theora: a1e56fd34408186e4bbccfd4996cb3dc -> 
  custom:container-muxer-webm: aa71ff27fc2769a1b78a27578f13a17b -> 
  custom:container-demuxer-webm: 4f35f7cbe854078d1ac9338744f61a02 -> 
  custom:container-demuxer-ogg: 62fdf1f143b41e24485cea50d1cbac27 -> 
  custom:video-encoder-webm-vp8: eb34c28f22e8b96e1ab97ce403110664 -> 
  custom:framework-osx-AVFoundation: e770b220cccbd017edd2c1fefb359320 -> 
  custom:video-decoder-webm-vp8: 9c59270c3fd7afecdb556c50c9e8de78 -> 
  custom:audio-decoder-ogg-vorbis: bf7c407c2cedff20999df2af8eb42d56 -> 
  custom:audio-encoder-webm-vorbis: bf7c407c2cedff20999df2af8eb42d56 -> 
========================================================================
Received Prepare
Registering precompiled user dll's ...
Registered in 0.001085 seconds.
Begin MonoManager ReloadAssembly
Native extension for OSXStandalone target not found
Refreshing native plugins compatible for Editor in 0.51 ms, found 2 plugins.
Preloading 0 native plugins for Editor in 0.00 ms.
2022-06-07 10:43:28.437 Unity[18532:1286518] NSEventModifierFlagFunction specified to -setKeyEquivalentModifierMask: for item <NSMenuItem: 0x600001199180 Font Asset, ke='Command-F12'>, but is only supported for system-provided menu items; will not be used
Mono: successfully reloaded assembly
- Completed reload, in  1.247 seconds
Domain Reload Profiling:
	ReloadAssembly (1247ms)
		BeginReloadAssembly (126ms)
			ExecutionOrderSort (0ms)
			DisableScriptedObjects (4ms)
			BackupInstance (0ms)
			ReleaseScriptingObjects (0ms)
			CreateAndSetChildDomain (54ms)
		EndReloadAssembly (1051ms)
			LoadAssemblies (81ms)
			RebuildTransferFunctionScriptingTraits (0ms)
			SetupTypeCache (371ms)
			ReleaseScriptCaches (1ms)
			RebuildScriptCaches (52ms)
			SetupLoadedEditorAssemblies (416ms)
				LogAssemblyErrors (0ms)
				InitializePlatformSupportModulesInManaged (4ms)
				SetLoadedEditorAssemblies (1ms)
				RefreshPlugins (1ms)
				BeforeProcessingInitializeOnLoad (128ms)
				ProcessInitializeOnLoadAttributes (271ms)
				ProcessInitializeOnLoadMethodAttributes (11ms)
				AfterProcessingInitializeOnLoad (1ms)
				EditorAssembliesLoaded (0ms)
			ExecutionOrderSort2 (0ms)
			AwakeInstancesAfterBackupRestoration (7ms)
Platform modules already initialized, skipping
Refreshing native plugins compatible for Editor in 0.53 ms, found 2 plugins.
Preloading 0 native plugins for Editor in 0.00 ms.
Unloading 2210 Unused Serialized files (Serialized files now loaded: 0)
System memory in use before: 240.5 MB.
System memory in use after: 240.7 MB.

Unloading 12 unused Assets to reduce memory usage. Loaded Objects now: 2791.
Total: 4.033802 ms (FindLiveObjects: 0.244124 ms CreateObjectMapping: 0.119206 ms MarkObjects: 3.580083 ms  DeleteObjects: 0.063156 ms)

AssetImportParameters requested are different than current active one (requested -> active):
  custom:video-decoder-ogg-theora: a1e56fd34408186e4bbccfd4996cb3dc -> 
  custom:container-muxer-webm: aa71ff27fc2769a1b78a27578f13a17b -> 
  custom:container-demuxer-webm: 4f35f7cbe854078d1ac9338744f61a02 -> 
  custom:container-demuxer-ogg: 62fdf1f143b41e24485cea50d1cbac27 -> 
  custom:video-encoder-webm-vp8: eb34c28f22e8b96e1ab97ce403110664 -> 
  custom:framework-osx-AVFoundation: e770b220cccbd017edd2c1fefb359320 -> 
  custom:video-decoder-webm-vp8: 9c59270c3fd7afecdb556c50c9e8de78 -> 
  custom:audio-decoder-ogg-vorbis: bf7c407c2cedff20999df2af8eb42d56 -> 
  custom:audio-encoder-webm-vorbis: bf7c407c2cedff20999df2af8eb42d56 -> 
========================================================================
Received Import Request.
  Time since last request: 162.584371 seconds.
  path: Assets/Prefabs/StalkCoins.prefab
  artifactKey: Guid(a5ce370cf7e4a4dfcb51a8770a5baf69) Importer(815301076,1909f56bfc062723c751e8b465ee728b)
Start importing Assets/Prefabs/StalkCoins.prefab using Guid(a5ce370cf7e4a4dfcb51a8770a5baf69) Importer(815301076,1909f56bfc062723c751e8b465ee728b)  -> (artifact id: 'ce8da44e592b1f5befee5fe5f124ad00') in 0.073437 seconds 
========================================================================
Received Import Request.
  Time since last request: 5.107723 seconds.
  path: Assets/Prefabs/StalkCoins.prefab
  artifactKey: Guid(a5ce370cf7e4a4dfcb51a8770a5baf69) Importer(815301076,1909f56bfc062723c751e8b465ee728b)
Start importing Assets/Prefabs/StalkCoins.prefab using Guid(a5ce370cf7e4a4dfcb51a8770a5baf69) Importer(815301076,1909f56bfc062723c751e8b465ee728b)  -> (artifact id: '9524b7d6df6b1d9dfa197a97503cea0a') in 0.038731 seconds 
========================================================================
Received Import Request.
  Time since last request: 6.300779 seconds.
  path: Assets/Prefabs/StalkCoins.prefab
  artifactKey: Guid(a5ce370cf7e4a4dfcb51a8770a5baf69) Importer(815301076,1909f56bfc062723c751e8b465ee728b)
Start importing Assets/Prefabs/StalkCoins.prefab using Guid(a5ce370cf7e4a4dfcb51a8770a5baf69) Importer(815301076,1909f56bfc062723c751e8b465ee728b)  -> (artifact id: '6775e793ab7e8086ee6027e860467600') in 0.012198 seconds 
========================================================================
Received Import Request.
  Time since last request: 2.684636 seconds.
  path: Assets/Prefabs/StalkCoins.prefab
  artifactKey: Guid(a5ce370cf7e4a4dfcb51a8770a5baf69) Importer(815301076,1909f56bfc062723c751e8b465ee728b)
Start importing Assets/Prefabs/StalkCoins.prefab using Guid(a5ce370cf7e4a4dfcb51a8770a5baf69) Importer(815301076,1909f56bfc062723c751e8b465ee728b)  -> (artifact id: 'e1f456792c6243e96989e564db7c0049') in 0.021710 seconds 
========================================================================
Received Import Request.
  Time since last request: 2.875245 seconds.
  path: Assets/Prefabs/StalkCoins.prefab
  artifactKey: Guid(a5ce370cf7e4a4dfcb51a8770a5baf69) Importer(815301076,1909f56bfc062723c751e8b465ee728b)
Start importing Assets/Prefabs/StalkCoins.prefab using Guid(a5ce370cf7e4a4dfcb51a8770a5baf69) Importer(815301076,1909f56bfc062723c751e8b465ee728b)  -> (artifact id: 'ce5821d4f296edc14964fa803e97d00b') in 0.020613 seconds 
========================================================================
Received Import Request.
  Time since last request: 3.049078 seconds.
  path: Assets/Prefabs/StalkCoins.prefab
  artifactKey: Guid(a5ce370cf7e4a4dfcb51a8770a5baf69) Importer(815301076,1909f56bfc062723c751e8b465ee728b)
Start importing Assets/Prefabs/StalkCoins.prefab using Guid(a5ce370cf7e4a4dfcb51a8770a5baf69) Importer(815301076,1909f56bfc062723c751e8b465ee728b)  -> (artifact id: '0ab014e764eef680c7311e829027d00f') in 0.023168 seconds 
========================================================================
Received Import Request.
  Time since last request: 3.439373 seconds.
  path: Assets/Prefabs/StalkCoins.prefab
  artifactKey: Guid(a5ce370cf7e4a4dfcb51a8770a5baf69) Importer(815301076,1909f56bfc062723c751e8b465ee728b)
Start importing Assets/Prefabs/StalkCoins.prefab using Guid(a5ce370cf7e4a4dfcb51a8770a5baf69) Importer(815301076,1909f56bfc062723c751e8b465ee728b)  -> (artifact id: '42b0ed28a109a030c47293bfd0432fd4') in 0.019314 seconds 
========================================================================
Received Import Request.
  Time since last request: 2.440926 seconds.
  path: Assets/Prefabs/StalkCoins.prefab
  artifactKey: Guid(a5ce370cf7e4a4dfcb51a8770a5baf69) Importer(815301076,1909f56bfc062723c751e8b465ee728b)
Start importing Assets/Prefabs/StalkCoins.prefab using Guid(a5ce370cf7e4a4dfcb51a8770a5baf69) Importer(815301076,1909f56bfc062723c751e8b465ee728b)  -> (artifact id: '63ef0bbaacbe1aaa4ce994183ef48a39') in 0.021147 seconds 
========================================================================
Received Import Request.
  Time since last request: 35.197273 seconds.
  path: Assets/Prefabs/Water.prefab
  artifactKey: Guid(866e86e4a755b4a7da3a51265ca2222c) Importer(815301076,1909f56bfc062723c751e8b465ee728b)
Start importing Assets/Prefabs/Water.prefab using Guid(866e86e4a755b4a7da3a51265ca2222c) Importer(815301076,1909f56bfc062723c751e8b465ee728b)  -> (artifact id: '23b6c659f1ec9786dbf88fd6c8e5ac60') in 0.038601 seconds 
========================================================================
Received Import Request.
  Time since last request: 5.383770 seconds.
  path: Assets/Prefabs/Water.prefab
  artifactKey: Guid(866e86e4a755b4a7da3a51265ca2222c) Importer(815301076,1909f56bfc062723c751e8b465ee728b)
Start importing Assets/Prefabs/Water.prefab using Guid(866e86e4a755b4a7da3a51265ca2222c) Importer(815301076,1909f56bfc062723c751e8b465ee728b)  -> (artifact id: '15f744404071fff04d399e4bd7760f55') in 0.015636 seconds 
========================================================================
Received Import Request.
  Time since last request: 13.571546 seconds.
  path: Assets/Prefabs/Water.prefab
  artifactKey: Guid(866e86e4a755b4a7da3a51265ca2222c) Importer(815301076,1909f56bfc062723c751e8b465ee728b)
Start importing Assets/Prefabs/Water.prefab using Guid(866e86e4a755b4a7da3a51265ca2222c) Importer(815301076,1909f56bfc062723c751e8b465ee728b)  -> (artifact id: 'baafe6e7f59767f317a54cfcdf147ac2') in 0.026541 seconds 
========================================================================
Received Import Request.
  Time since last request: 3.859876 seconds.
  path: Assets/Prefabs/Water.prefab
  artifactKey: Guid(866e86e4a755b4a7da3a51265ca2222c) Importer(815301076,1909f56bfc062723c751e8b465ee728b)
Start importing Assets/Prefabs/Water.prefab using Guid(866e86e4a755b4a7da3a51265ca2222c) Importer(815301076,1909f56bfc062723c751e8b465ee728b)  -> (artifact id: 'c8b26bb9c69c183669e9fb8c8a09d0bd') in 0.018614 seconds 
========================================================================
Received Import Request.
  Time since last request: 11.364723 seconds.
  path: Assets/Prefabs/Water.prefab
  artifactKey: Guid(866e86e4a755b4a7da3a51265ca2222c) Importer(815301076,1909f56bfc062723c751e8b465ee728b)
Start importing Assets/Prefabs/Water.prefab using Guid(866e86e4a755b4a7da3a51265ca2222c) Importer(815301076,1909f56bfc062723c751e8b465ee728b)  -> (artifact id: '1812625fe08c1fdaaf9633ae33f658e6') in 0.032753 seconds 
========================================================================
Received Import Request.
  Time since last request: 3.232491 seconds.
  path: Assets/Prefabs/Water.prefab
  artifactKey: Guid(866e86e4a755b4a7da3a51265ca2222c) Importer(815301076,1909f56bfc062723c751e8b465ee728b)
Start importing Assets/Prefabs/Water.prefab using Guid(866e86e4a755b4a7da3a51265ca2222c) Importer(815301076,1909f56bfc062723c751e8b465ee728b)  -> (artifact id: 'a6bd4773f2e9d2df2c427c28ba4daec4') in 0.025706 seconds 
========================================================================
Received Import Request.
  Time since last request: 2.811707 seconds.
  path: Assets/Prefabs/Water.prefab
  artifactKey: Guid(866e86e4a755b4a7da3a51265ca2222c) Importer(815301076,1909f56bfc062723c751e8b465ee728b)
Start importing Assets/Prefabs/Water.prefab using Guid(866e86e4a755b4a7da3a51265ca2222c) Importer(815301076,1909f56bfc062723c751e8b465ee728b)  -> (artifact id: '9a1882ddedb836eeb2f4d3d0e008dd12') in 0.012500 seconds 
========================================================================
Received Import Request.
  Time since last request: 16.276049 seconds.
  path: Assets/Prefabs/Water.prefab
  artifactKey: Guid(866e86e4a755b4a7da3a51265ca2222c) Importer(815301076,1909f56bfc062723c751e8b465ee728b)
Start importing Assets/Prefabs/Water.prefab using Guid(866e86e4a755b4a7da3a51265ca2222c) Importer(815301076,1909f56bfc062723c751e8b465ee728b)  -> (artifact id: '2490c1a6e46af8610c2fe01e6d861b1a') in 0.021103 seconds 
========================================================================
Received Import Request.
  Time since last request: 39.368928 seconds.
  path: Assets/Prefabs/Water.prefab
  artifactKey: Guid(866e86e4a755b4a7da3a51265ca2222c) Importer(815301076,1909f56bfc062723c751e8b465ee728b)
Start importing Assets/Prefabs/Water.prefab using Guid(866e86e4a755b4a7da3a51265ca2222c) Importer(815301076,1909f56bfc062723c751e8b465ee728b)  -> (artifact id: '95178381df21c99670b664da571f86a7') in 0.014252 seconds 
========================================================================
Received Import Request.
  Time since last request: 4.662963 seconds.
  path: Assets/Prefabs/Water.prefab
  artifactKey: Guid(866e86e4a755b4a7da3a51265ca2222c) Importer(815301076,1909f56bfc062723c751e8b465ee728b)
Start importing Assets/Prefabs/Water.prefab using Guid(866e86e4a755b4a7da3a51265ca2222c) Importer(815301076,1909f56bfc062723c751e8b465ee728b)  -> (artifact id: 'e52aefeced3f8a85412a7e1190e1d68b') in 0.028374 seconds 
========================================================================
Received Import Request.
  Time since last request: 1.383194 seconds.
  path: Assets/Prefabs/Water.prefab
  artifactKey: Guid(866e86e4a755b4a7da3a51265ca2222c) Importer(815301076,1909f56bfc062723c751e8b465ee728b)
Start importing Assets/Prefabs/Water.prefab using Guid(866e86e4a755b4a7da3a51265ca2222c) Importer(815301076,1909f56bfc062723c751e8b465ee728b)  -> (artifact id: '37a876c43622f1a0da99188d68453371') in 0.031053 seconds 
========================================================================
Received Import Request.
  Time since last request: 1.647146 seconds.
  path: Assets/Prefabs/Water.prefab
  artifactKey: Guid(866e86e4a755b4a7da3a51265ca2222c) Importer(815301076,1909f56bfc062723c751e8b465ee728b)
Start importing Assets/Prefabs/Water.prefab using Guid(866e86e4a755b4a7da3a51265ca2222c) Importer(815301076,1909f56bfc062723c751e8b465ee728b)  -> (artifact id: 'a03c9b1f303f4ee10c8689db39d736cf') in 0.014942 seconds 
========================================================================
Received Import Request.
  Time since last request: 5.855169 seconds.
  path: Assets/Prefabs/Water.prefab
  artifactKey: Guid(866e86e4a755b4a7da3a51265ca2222c) Importer(815301076,1909f56bfc062723c751e8b465ee728b)
Start importing Assets/Prefabs/Water.prefab using Guid(866e86e4a755b4a7da3a51265ca2222c) Importer(815301076,1909f56bfc062723c751e8b465ee728b)  -> (artifact id: '7db13cd50a7c3b35617c8175c43406b8') in 0.023287 seconds 
========================================================================
Received Import Request.
  Time since last request: 10.055404 seconds.
  path: Assets/Prefabs/Water.prefab
  artifactKey: Guid(866e86e4a755b4a7da3a51265ca2222c) Importer(815301076,1909f56bfc062723c751e8b465ee728b)
Start importing Assets/Prefabs/Water.prefab using Guid(866e86e4a755b4a7da3a51265ca2222c) Importer(815301076,1909f56bfc062723c751e8b465ee728b)  -> (artifact id: '0c132ad2923c7006e58a9cd4413dec75') in 0.015774 seconds 
========================================================================
Received Import Request.
  Time since last request: 5.871606 seconds.
  path: Assets/Prefabs/Water.prefab
  artifactKey: Guid(866e86e4a755b4a7da3a51265ca2222c) Importer(815301076,1909f56bfc062723c751e8b465ee728b)
Start importing Assets/Prefabs/Water.prefab using Guid(866e86e4a755b4a7da3a51265ca2222c) Importer(815301076,1909f56bfc062723c751e8b465ee728b)  -> (artifact id: '98b67568c8f7ace86d688523a57d503f') in 0.037587 seconds 
========================================================================
Received Import Request.
  Time since last request: 3.387382 seconds.
  path: Assets/Prefabs/Water.prefab
  artifactKey: Guid(866e86e4a755b4a7da3a51265ca2222c) Importer(815301076,1909f56bfc062723c751e8b465ee728b)
Start importing Assets/Prefabs/Water.prefab using Guid(866e86e4a755b4a7da3a51265ca2222c) Importer(815301076,1909f56bfc062723c751e8b465ee728b)  -> (artifact id: 'b1b30e7b74c16b9df15a74d7f51a2150') in 0.032380 seconds 
========================================================================
Received Import Request.
  Time since last request: 3.821277 seconds.
  path: Assets/Prefabs/Water.prefab
  artifactKey: Guid(866e86e4a755b4a7da3a51265ca2222c) Importer(815301076,1909f56bfc062723c751e8b465ee728b)
Start importing Assets/Prefabs/Water.prefab using Guid(866e86e4a755b4a7da3a51265ca2222c) Importer(815301076,1909f56bfc062723c751e8b465ee728b)  -> (artifact id: '23d3f9d1245a76696fe7955c44ba67f3') in 0.029488 seconds 
========================================================================
Received Import Request.
  Time since last request: 3.612327 seconds.
  path: Assets/Prefabs/Water.prefab
  artifactKey: Guid(866e86e4a755b4a7da3a51265ca2222c) Importer(815301076,1909f56bfc062723c751e8b465ee728b)
Start importing Assets/Prefabs/Water.prefab using Guid(866e86e4a755b4a7da3a51265ca2222c) Importer(815301076,1909f56bfc062723c751e8b465ee728b)  -> (artifact id: '4e1521a776014d73f0f3df04b0c60051') in 0.036290 seconds 
========================================================================
Received Import Request.
  Time since last request: 0.622082 seconds.
  path: Assets/Prefabs/Water.prefab
  artifactKey: Guid(866e86e4a755b4a7da3a51265ca2222c) Importer(815301076,1909f56bfc062723c751e8b465ee728b)
Start importing Assets/Prefabs/Water.prefab using Guid(866e86e4a755b4a7da3a51265ca2222c) Importer(815301076,1909f56bfc062723c751e8b465ee728b)  -> (artifact id: '51d699b731eb07cea1630e74ba158f85') in 0.030781 seconds 
========================================================================
Received Prepare
Registering precompiled user dll's ...
Registered in 0.002364 seconds.
Begin MonoManager ReloadAssembly
Native extension for OSXStandalone target not found
Refreshing native plugins compatible for Editor in 0.56 ms, found 2 plugins.
Preloading 0 native plugins for Editor in 0.00 ms.
2022-06-07 10:47:31.447 Unity[18532:1286518] NSEventModifierFlagFunction specified to -setKeyEquivalentModifierMask: for item <NSMenuItem: 0x6000011bbc60 Font Asset, ke='Command-F12'>, but is only supported for system-provided menu items; will not be used
Mono: successfully reloaded assembly
- Completed reload, in  1.379 seconds
Domain Reload Profiling:
	ReloadAssembly (1381ms)
		BeginReloadAssembly (195ms)
			ExecutionOrderSort (0ms)
			DisableScriptedObjects (8ms)
			BackupInstance (0ms)
			ReleaseScriptingObjects (0ms)
			CreateAndSetChildDomain (92ms)
		EndReloadAssembly (1114ms)
			LoadAssemblies (100ms)
			RebuildTransferFunctionScriptingTraits (0ms)
			SetupTypeCache (389ms)
			ReleaseScriptCaches (1ms)
			RebuildScriptCaches (55ms)
			SetupLoadedEditorAssemblies (435ms)
				LogAssemblyErrors (0ms)
				InitializePlatformSupportModulesInManaged (4ms)
				SetLoadedEditorAssemblies (1ms)
				RefreshPlugins (1ms)
				BeforeProcessingInitializeOnLoad (133ms)
				ProcessInitializeOnLoadAttributes (285ms)
				ProcessInitializeOnLoadMethodAttributes (10ms)
				AfterProcessingInitializeOnLoad (1ms)
				EditorAssembliesLoaded (0ms)
			ExecutionOrderSort2 (0ms)
			AwakeInstancesAfterBackupRestoration (8ms)
Platform modules already initialized, skipping
Refreshing native plugins compatible for Editor in 0.52 ms, found 2 plugins.
Preloading 0 native plugins for Editor in 0.00 ms.
Unloading 2210 Unused Serialized files (Serialized files now loaded: 0)
System memory in use before: 240.8 MB.
System memory in use after: 241.0 MB.

Unloading 13 unused Assets to reduce memory usage. Loaded Objects now: 2795.
Total: 3.564693 ms (FindLiveObjects: 0.192299 ms CreateObjectMapping: 0.092709 ms MarkObjects: 3.242326 ms  DeleteObjects: 0.036648 ms)

AssetImportParameters requested are different than current active one (requested -> active):
  custom:video-decoder-ogg-theora: a1e56fd34408186e4bbccfd4996cb3dc -> 
  custom:container-muxer-webm: aa71ff27fc2769a1b78a27578f13a17b -> 
  custom:container-demuxer-webm: 4f35f7cbe854078d1ac9338744f61a02 -> 
  custom:container-demuxer-ogg: 62fdf1f143b41e24485cea50d1cbac27 -> 
  custom:video-encoder-webm-vp8: eb34c28f22e8b96e1ab97ce403110664 -> 
  custom:framework-osx-AVFoundation: e770b220cccbd017edd2c1fefb359320 -> 
  custom:video-decoder-webm-vp8: 9c59270c3fd7afecdb556c50c9e8de78 -> 
  custom:audio-decoder-ogg-vorbis: bf7c407c2cedff20999df2af8eb42d56 -> 
  custom:audio-encoder-webm-vorbis: bf7c407c2cedff20999df2af8eb42d56 -> 
========================================================================
Received Import Request.
  Time since last request: 45.725270 seconds.
  path: Assets/Prefabs/Water.prefab
  artifactKey: Guid(866e86e4a755b4a7da3a51265ca2222c) Importer(815301076,1909f56bfc062723c751e8b465ee728b)
Start importing Assets/Prefabs/Water.prefab using Guid(866e86e4a755b4a7da3a51265ca2222c) Importer(815301076,1909f56bfc062723c751e8b465ee728b)  -> (artifact id: 'f93b294606e3c498af4c3bdfdf00bd7e') in 0.089731 seconds 
========================================================================
Received Prepare
Registering precompiled user dll's ...
Registered in 0.001121 seconds.
Begin MonoManager ReloadAssembly
Native extension for OSXStandalone target not found
Refreshing native plugins compatible for Editor in 0.52 ms, found 2 plugins.
Preloading 0 native plugins for Editor in 0.00 ms.
2022-06-07 10:49:28.084 Unity[18532:1286518] NSEventModifierFlagFunction specified to -setKeyEquivalentModifierMask: for item <NSMenuItem: 0x6000011bb170 Font Asset, ke='Command-F12'>, but is only supported for system-provided menu items; will not be used
Mono: successfully reloaded assembly
- Completed reload, in  1.293 seconds
Domain Reload Profiling:
	ReloadAssembly (1294ms)
		BeginReloadAssembly (138ms)
			ExecutionOrderSort (0ms)
			DisableScriptedObjects (6ms)
			BackupInstance (0ms)
			ReleaseScriptingObjects (0ms)
			CreateAndSetChildDomain (60ms)
		EndReloadAssembly (1084ms)
			LoadAssemblies (101ms)
			RebuildTransferFunctionScriptingTraits (0ms)
			SetupTypeCache (383ms)
			ReleaseScriptCaches (1ms)
			RebuildScriptCaches (62ms)
			SetupLoadedEditorAssemblies (397ms)
				LogAssemblyErrors (0ms)
				InitializePlatformSupportModulesInManaged (3ms)
				SetLoadedEditorAssemblies (1ms)
				RefreshPlugins (1ms)
				BeforeProcessingInitializeOnLoad (125ms)
				ProcessInitializeOnLoadAttributes (257ms)
				ProcessInitializeOnLoadMethodAttributes (9ms)
				AfterProcessingInitializeOnLoad (1ms)
				EditorAssembliesLoaded (0ms)
			ExecutionOrderSort2 (0ms)
			AwakeInstancesAfterBackupRestoration (7ms)
Platform modules already initialized, skipping
Refreshing native plugins compatible for Editor in 0.61 ms, found 2 plugins.
Preloading 0 native plugins for Editor in 0.00 ms.
Unloading 2210 Unused Serialized files (Serialized files now loaded: 0)
System memory in use before: 241.0 MB.
System memory in use after: 241.2 MB.

Unloading 12 unused Assets to reduce memory usage. Loaded Objects now: 2799.
Total: 3.327660 ms (FindLiveObjects: 0.234765 ms CreateObjectMapping: 0.088085 ms MarkObjects: 2.985229 ms  DeleteObjects: 0.018960 ms)

AssetImportParameters requested are different than current active one (requested -> active):
  custom:video-decoder-ogg-theora: a1e56fd34408186e4bbccfd4996cb3dc -> 
  custom:container-muxer-webm: aa71ff27fc2769a1b78a27578f13a17b -> 
  custom:container-demuxer-webm: 4f35f7cbe854078d1ac9338744f61a02 -> 
  custom:container-demuxer-ogg: 62fdf1f143b41e24485cea50d1cbac27 -> 
  custom:video-encoder-webm-vp8: eb34c28f22e8b96e1ab97ce403110664 -> 
  custom:framework-osx-AVFoundation: e770b220cccbd017edd2c1fefb359320 -> 
  custom:video-decoder-webm-vp8: 9c59270c3fd7afecdb556c50c9e8de78 -> 
  custom:audio-decoder-ogg-vorbis: bf7c407c2cedff20999df2af8eb42d56 -> 
  custom:audio-encoder-webm-vorbis: bf7c407c2cedff20999df2af8eb42d56 -> 
========================================================================
Received Prepare
Registering precompiled user dll's ...
Registered in 0.001186 seconds.
Begin MonoManager ReloadAssembly
Native extension for OSXStandalone target not found
Refreshing native plugins compatible for Editor in 0.53 ms, found 2 plugins.
Preloading 0 native plugins for Editor in 0.00 ms.
2022-06-07 10:50:24.106 Unity[18532:1286518] NSEventModifierFlagFunction specified to -setKeyEquivalentModifierMask: for item <NSMenuItem: 0x60000119db20 Font Asset, ke='Command-F12'>, but is only supported for system-provided menu items; will not be used
Mono: successfully reloaded assembly
- Completed reload, in  1.261 seconds
Domain Reload Profiling:
	ReloadAssembly (1261ms)
		BeginReloadAssembly (127ms)
			ExecutionOrderSort (0ms)
			DisableScriptedObjects (5ms)
			BackupInstance (0ms)
			ReleaseScriptingObjects (0ms)
			CreateAndSetChildDomain (52ms)
		EndReloadAssembly (1068ms)
			LoadAssemblies (81ms)
			RebuildTransferFunctionScriptingTraits (0ms)
			SetupTypeCache (354ms)
			ReleaseScriptCaches (1ms)
			RebuildScriptCaches (53ms)
			SetupLoadedEditorAssemblies (430ms)
				LogAssemblyErrors (0ms)
				InitializePlatformSupportModulesInManaged (4ms)
				SetLoadedEditorAssemblies (1ms)
				RefreshPlugins (1ms)
				BeforeProcessingInitializeOnLoad (129ms)
				ProcessInitializeOnLoadAttributes (282ms)
				ProcessInitializeOnLoadMethodAttributes (13ms)
				AfterProcessingInitializeOnLoad (1ms)
				EditorAssembliesLoaded (0ms)
			ExecutionOrderSort2 (0ms)
			AwakeInstancesAfterBackupRestoration (7ms)
Platform modules already initialized, skipping
Refreshing native plugins compatible for Editor in 0.55 ms, found 2 plugins.
Preloading 0 native plugins for Editor in 0.00 ms.
Unloading 2210 Unused Serialized files (Serialized files now loaded: 0)
System memory in use before: 241.2 MB.
System memory in use after: 241.4 MB.

Unloading 12 unused Assets to reduce memory usage. Loaded Objects now: 2802.
Total: 3.543235 ms (FindLiveObjects: 0.207148 ms CreateObjectMapping: 0.111081 ms MarkObjects: 3.203736 ms  DeleteObjects: 0.020555 ms)

AssetImportParameters requested are different than current active one (requested -> active):
  custom:video-decoder-ogg-theora: a1e56fd34408186e4bbccfd4996cb3dc -> 
  custom:container-muxer-webm: aa71ff27fc2769a1b78a27578f13a17b -> 
  custom:container-demuxer-webm: 4f35f7cbe854078d1ac9338744f61a02 -> 
  custom:container-demuxer-ogg: 62fdf1f143b41e24485cea50d1cbac27 -> 
  custom:video-encoder-webm-vp8: eb34c28f22e8b96e1ab97ce403110664 -> 
  custom:framework-osx-AVFoundation: e770b220cccbd017edd2c1fefb359320 -> 
  custom:video-decoder-webm-vp8: 9c59270c3fd7afecdb556c50c9e8de78 -> 
  custom:audio-decoder-ogg-vorbis: bf7c407c2cedff20999df2af8eb42d56 -> 
  custom:audio-encoder-webm-vorbis: bf7c407c2cedff20999df2af8eb42d56 -> 
========================================================================
Received Import Request.
  Time since last request: 143.044274 seconds.
  path: Assets/Prefabs/Water.prefab
  artifactKey: Guid(866e86e4a755b4a7da3a51265ca2222c) Importer(815301076,1909f56bfc062723c751e8b465ee728b)
Start importing Assets/Prefabs/Water.prefab using Guid(866e86e4a755b4a7da3a51265ca2222c) Importer(815301076,1909f56bfc062723c751e8b465ee728b)  -> (artifact id: '53d7eb617ed971f3541db9f40aaa5e5b') in 0.093133 seconds 
========================================================================
Received Import Request.
  Time since last request: 1.122938 seconds.
  path: Assets/Prefabs/Water.prefab
  artifactKey: Guid(866e86e4a755b4a7da3a51265ca2222c) Importer(815301076,1909f56bfc062723c751e8b465ee728b)
Start importing Assets/Prefabs/Water.prefab using Guid(866e86e4a755b4a7da3a51265ca2222c) Importer(815301076,1909f56bfc062723c751e8b465ee728b)  -> (artifact id: 'c707f32eaa052eec5155aa25b6b8bab3') in 0.018018 seconds 
========================================================================
Received Import Request.
  Time since last request: 2.700411 seconds.
  path: Assets/Prefabs/Water.prefab
  artifactKey: Guid(866e86e4a755b4a7da3a51265ca2222c) Importer(815301076,1909f56bfc062723c751e8b465ee728b)
Start importing Assets/Prefabs/Water.prefab using Guid(866e86e4a755b4a7da3a51265ca2222c) Importer(815301076,1909f56bfc062723c751e8b465ee728b)  -> (artifact id: '0553f9d6d7e8d7c204b5b696dada8fa7') in 0.030788 seconds 
========================================================================
Received Import Request.
  Time since last request: 2.895654 seconds.
  path: Assets/Prefabs/Water.prefab
  artifactKey: Guid(866e86e4a755b4a7da3a51265ca2222c) Importer(815301076,1909f56bfc062723c751e8b465ee728b)
Start importing Assets/Prefabs/Water.prefab using Guid(866e86e4a755b4a7da3a51265ca2222c) Importer(815301076,1909f56bfc062723c751e8b465ee728b)  -> (artifact id: '5262e846089c8d362af070cbe5e4f96d') in 0.036741 seconds 
========================================================================
Received Import Request.
  Time since last request: 3.387621 seconds.
  path: Assets/Prefabs/Water.prefab
  artifactKey: Guid(866e86e4a755b4a7da3a51265ca2222c) Importer(815301076,1909f56bfc062723c751e8b465ee728b)
Start importing Assets/Prefabs/Water.prefab using Guid(866e86e4a755b4a7da3a51265ca2222c) Importer(815301076,1909f56bfc062723c751e8b465ee728b)  -> (artifact id: '8ae3c8c3472b0556d77505071e6e037f') in 0.024145 seconds 
========================================================================
Received Import Request.
  Time since last request: 4.105679 seconds.
  path: Assets/Prefabs/Water.prefab
  artifactKey: Guid(866e86e4a755b4a7da3a51265ca2222c) Importer(815301076,1909f56bfc062723c751e8b465ee728b)
Start importing Assets/Prefabs/Water.prefab using Guid(866e86e4a755b4a7da3a51265ca2222c) Importer(815301076,1909f56bfc062723c751e8b465ee728b)  -> (artifact id: 'ccfaf754b3d818c078a09d9ae0ca1a1d') in 0.037881 seconds 
========================================================================
Received Import Request.
  Time since last request: 3.326968 seconds.
  path: Assets/Prefabs/Water.prefab
  artifactKey: Guid(866e86e4a755b4a7da3a51265ca2222c) Importer(815301076,1909f56bfc062723c751e8b465ee728b)
Start importing Assets/Prefabs/Water.prefab using Guid(866e86e4a755b4a7da3a51265ca2222c) Importer(815301076,1909f56bfc062723c751e8b465ee728b)  -> (artifact id: '6295c09240c9042a6c2489e5a76d07ee') in 0.030019 seconds 
========================================================================
Received Import Request.
  Time since last request: 3.659867 seconds.
  path: Assets/Prefabs/Water.prefab
  artifactKey: Guid(866e86e4a755b4a7da3a51265ca2222c) Importer(815301076,1909f56bfc062723c751e8b465ee728b)
Start importing Assets/Prefabs/Water.prefab using Guid(866e86e4a755b4a7da3a51265ca2222c) Importer(815301076,1909f56bfc062723c751e8b465ee728b)  -> (artifact id: '31e1d5edeef0c1ad384a6160a278f573') in 0.027859 seconds 
========================================================================
Received Import Request.
  Time since last request: 2.854218 seconds.
  path: Assets/Prefabs/Water.prefab
  artifactKey: Guid(866e86e4a755b4a7da3a51265ca2222c) Importer(815301076,1909f56bfc062723c751e8b465ee728b)
Start importing Assets/Prefabs/Water.prefab using Guid(866e86e4a755b4a7da3a51265ca2222c) Importer(815301076,1909f56bfc062723c751e8b465ee728b)  -> (artifact id: 'e0093fe61743a9a1bcd485d379a57f86') in 0.021934 seconds 
========================================================================
Received Import Request.
  Time since last request: 3.962454 seconds.
  path: Assets/Prefabs/Water.prefab
  artifactKey: Guid(866e86e4a755b4a7da3a51265ca2222c) Importer(815301076,1909f56bfc062723c751e8b465ee728b)
Start importing Assets/Prefabs/Water.prefab using Guid(866e86e4a755b4a7da3a51265ca2222c) Importer(815301076,1909f56bfc062723c751e8b465ee728b)  -> (artifact id: 'dc845d40b9122d390179f40b19533675') in 0.027457 seconds 
========================================================================
Received Import Request.
  Time since last request: 3.525847 seconds.
  path: Assets/Prefabs/Water.prefab
  artifactKey: Guid(866e86e4a755b4a7da3a51265ca2222c) Importer(815301076,1909f56bfc062723c751e8b465ee728b)
Start importing Assets/Prefabs/Water.prefab using Guid(866e86e4a755b4a7da3a51265ca2222c) Importer(815301076,1909f56bfc062723c751e8b465ee728b)  -> (artifact id: 'a1f956f3d144f26ab8c227e3e34f296b') in 0.017788 seconds 
========================================================================
Received Import Request.
  Time since last request: 3.332367 seconds.
  path: Assets/Prefabs/Water.prefab
  artifactKey: Guid(866e86e4a755b4a7da3a51265ca2222c) Importer(815301076,1909f56bfc062723c751e8b465ee728b)
Start importing Assets/Prefabs/Water.prefab using Guid(866e86e4a755b4a7da3a51265ca2222c) Importer(815301076,1909f56bfc062723c751e8b465ee728b)  -> (artifact id: '86c16d910590f25b90274419fd1d0b1e') in 0.023801 seconds 
========================================================================
Received Import Request.
  Time since last request: 4.072406 seconds.
  path: Assets/Prefabs/Water.prefab
  artifactKey: Guid(866e86e4a755b4a7da3a51265ca2222c) Importer(815301076,1909f56bfc062723c751e8b465ee728b)
Start importing Assets/Prefabs/Water.prefab using Guid(866e86e4a755b4a7da3a51265ca2222c) Importer(815301076,1909f56bfc062723c751e8b465ee728b)  -> (artifact id: 'd9ff28f51d257ab5ccfea27c5c782f43') in 0.025499 seconds 
========================================================================
Received Import Request.
  Time since last request: 5.134008 seconds.
  path: Assets/Prefabs/Water.prefab
  artifactKey: Guid(866e86e4a755b4a7da3a51265ca2222c) Importer(815301076,1909f56bfc062723c751e8b465ee728b)
Start importing Assets/Prefabs/Water.prefab using Guid(866e86e4a755b4a7da3a51265ca2222c) Importer(815301076,1909f56bfc062723c751e8b465ee728b)  -> (artifact id: 'e99307f52ebef3d288fc69e7ba3c0a8c') in 0.026487 seconds 
========================================================================
Received Prepare
Registering precompiled user dll's ...
Registered in 0.007594 seconds.
Begin MonoManager ReloadAssembly
Native extension for OSXStandalone target not found
Refreshing native plugins compatible for Editor in 0.70 ms, found 2 plugins.
Preloading 0 native plugins for Editor in 0.00 ms.
2022-06-07 10:51:54.492 Unity[18532:1286518] NSEventModifierFlagFunction specified to -setKeyEquivalentModifierMask: for item <NSMenuItem: 0x6000011ef4f0 Font Asset, ke='Command-F12'>, but is only supported for system-provided menu items; will not be used
Mono: successfully reloaded assembly
- Completed reload, in  1.367 seconds
Domain Reload Profiling:
	ReloadAssembly (1367ms)
		BeginReloadAssembly (190ms)
			ExecutionOrderSort (0ms)
			DisableScriptedObjects (5ms)
			BackupInstance (0ms)
			ReleaseScriptingObjects (0ms)
			CreateAndSetChildDomain (51ms)
		EndReloadAssembly (1100ms)
			LoadAssemblies (170ms)
			RebuildTransferFunctionScriptingTraits (0ms)
			SetupTypeCache (377ms)
			ReleaseScriptCaches (1ms)
			RebuildScriptCaches (53ms)
			SetupLoadedEditorAssemblies (422ms)
				LogAssemblyErrors (0ms)
				InitializePlatformSupportModulesInManaged (3ms)
				SetLoadedEditorAssemblies (1ms)
				RefreshPlugins (1ms)
				BeforeProcessingInitializeOnLoad (132ms)
				ProcessInitializeOnLoadAttributes (271ms)
				ProcessInitializeOnLoadMethodAttributes (13ms)
				AfterProcessingInitializeOnLoad (1ms)
				EditorAssembliesLoaded (0ms)
			ExecutionOrderSort2 (0ms)
			AwakeInstancesAfterBackupRestoration (9ms)
Platform modules already initialized, skipping
Refreshing native plugins compatible for Editor in 0.51 ms, found 2 plugins.
Preloading 0 native plugins for Editor in 0.00 ms.
Unloading 2210 Unused Serialized files (Serialized files now loaded: 0)
System memory in use before: 241.3 MB.
System memory in use after: 241.5 MB.

Unloading 12 unused Assets to reduce memory usage. Loaded Objects now: 2806.
Total: 3.728344 ms (FindLiveObjects: 0.198641 ms CreateObjectMapping: 0.100248 ms MarkObjects: 3.404795 ms  DeleteObjects: 0.023738 ms)

AssetImportParameters requested are different than current active one (requested -> active):
  custom:video-decoder-ogg-theora: a1e56fd34408186e4bbccfd4996cb3dc -> 
  custom:container-muxer-webm: aa71ff27fc2769a1b78a27578f13a17b -> 
  custom:container-demuxer-webm: 4f35f7cbe854078d1ac9338744f61a02 -> 
  custom:container-demuxer-ogg: 62fdf1f143b41e24485cea50d1cbac27 -> 
  custom:video-encoder-webm-vp8: eb34c28f22e8b96e1ab97ce403110664 -> 
  custom:framework-osx-AVFoundation: e770b220cccbd017edd2c1fefb359320 -> 
  custom:video-decoder-webm-vp8: 9c59270c3fd7afecdb556c50c9e8de78 -> 
  custom:audio-decoder-ogg-vorbis: bf7c407c2cedff20999df2af8eb42d56 -> 
  custom:audio-encoder-webm-vorbis: bf7c407c2cedff20999df2af8eb42d56 -> 
========================================================================
Received Import Request.
  Time since last request: 63.065458 seconds.
  path: Assets/Prefabs/Water.prefab
  artifactKey: Guid(866e86e4a755b4a7da3a51265ca2222c) Importer(815301076,1909f56bfc062723c751e8b465ee728b)
Start importing Assets/Prefabs/Water.prefab using Guid(866e86e4a755b4a7da3a51265ca2222c) Importer(815301076,1909f56bfc062723c751e8b465ee728b)  -> (artifact id: '0d744050c0a51c2bfa52a225eda1b840') in 0.088092 seconds 
========================================================================
Received Prepare
Registering precompiled user dll's ...
Registered in 0.006424 seconds.
Begin MonoManager ReloadAssembly
Native extension for OSXStandalone target not found
Refreshing native plugins compatible for Editor in 0.53 ms, found 2 plugins.
Preloading 0 native plugins for Editor in 0.00 ms.
2022-06-07 10:52:45.984 Unity[18532:1286518] NSEventModifierFlagFunction specified to -setKeyEquivalentModifierMask: for item <NSMenuItem: 0x60000119b3a0 Font Asset, ke='Command-F12'>, but is only supported for system-provided menu items; will not be used
Mono: successfully reloaded assembly
- Completed reload, in  1.353 seconds
Domain Reload Profiling:
	ReloadAssembly (1353ms)
		BeginReloadAssembly (193ms)
			ExecutionOrderSort (0ms)
			DisableScriptedObjects (5ms)
			BackupInstance (0ms)
			ReleaseScriptingObjects (0ms)
			CreateAndSetChildDomain (51ms)
		EndReloadAssembly (1093ms)
			LoadAssemblies (176ms)
			RebuildTransferFunctionScriptingTraits (0ms)
			SetupTypeCache (369ms)
			ReleaseScriptCaches (1ms)
			RebuildScriptCaches (55ms)
			SetupLoadedEditorAssemblies (418ms)
				LogAssemblyErrors (0ms)
				InitializePlatformSupportModulesInManaged (4ms)
				SetLoadedEditorAssemblies (1ms)
				RefreshPlugins (1ms)
				BeforeProcessingInitializeOnLoad (123ms)
				ProcessInitializeOnLoadAttributes (278ms)
				ProcessInitializeOnLoadMethodAttributes (11ms)
				AfterProcessingInitializeOnLoad (1ms)
				EditorAssembliesLoaded (0ms)
			ExecutionOrderSort2 (0ms)
			AwakeInstancesAfterBackupRestoration (7ms)
Platform modules already initialized, skipping
Refreshing native plugins compatible for Editor in 0.49 ms, found 2 plugins.
Preloading 0 native plugins for Editor in 0.00 ms.
Unloading 2210 Unused Serialized files (Serialized files now loaded: 0)
System memory in use before: 241.6 MB.
System memory in use after: 241.8 MB.

Unloading 12 unused Assets to reduce memory usage. Loaded Objects now: 2810.
Total: 4.294529 ms (FindLiveObjects: 0.454239 ms CreateObjectMapping: 0.149185 ms MarkObjects: 3.668264 ms  DeleteObjects: 0.021884 ms)

AssetImportParameters requested are different than current active one (requested -> active):
  custom:video-decoder-ogg-theora: a1e56fd34408186e4bbccfd4996cb3dc -> 
  custom:container-muxer-webm: aa71ff27fc2769a1b78a27578f13a17b -> 
  custom:container-demuxer-webm: 4f35f7cbe854078d1ac9338744f61a02 -> 
  custom:container-demuxer-ogg: 62fdf1f143b41e24485cea50d1cbac27 -> 
  custom:video-encoder-webm-vp8: eb34c28f22e8b96e1ab97ce403110664 -> 
  custom:framework-osx-AVFoundation: e770b220cccbd017edd2c1fefb359320 -> 
  custom:video-decoder-webm-vp8: 9c59270c3fd7afecdb556c50c9e8de78 -> 
  custom:audio-decoder-ogg-vorbis: bf7c407c2cedff20999df2af8eb42d56 -> 
  custom:audio-encoder-webm-vorbis: bf7c407c2cedff20999df2af8eb42d56 -> 
========================================================================
Received Import Request.
  Time since last request: 58.594440 seconds.
  path: Assets/Prefabs/Water.prefab
  artifactKey: Guid(866e86e4a755b4a7da3a51265ca2222c) Importer(815301076,1909f56bfc062723c751e8b465ee728b)
Start importing Assets/Prefabs/Water.prefab using Guid(866e86e4a755b4a7da3a51265ca2222c) Importer(815301076,1909f56bfc062723c751e8b465ee728b)  -> (artifact id: '8dcd8cde1f9f3cb7e6cac3b18f848d70') in 0.081184 seconds 
========================================================================
Received Prepare
Registering precompiled user dll's ...
Registered in 0.004735 seconds.
Begin MonoManager ReloadAssembly
Native extension for OSXStandalone target not found
Refreshing native plugins compatible for Editor in 0.48 ms, found 2 plugins.
Preloading 0 native plugins for Editor in 0.00 ms.
2022-06-07 10:54:49.729 Unity[18532:1286518] NSEventModifierFlagFunction specified to -setKeyEquivalentModifierMask: for item <NSMenuItem: 0x60000119eb50 Font Asset, ke='Command-F12'>, but is only supported for system-provided menu items; will not be used
Mono: successfully reloaded assembly
- Completed reload, in  1.327 seconds
Domain Reload Profiling:
	ReloadAssembly (1328ms)
		BeginReloadAssembly (179ms)
			ExecutionOrderSort (0ms)
			DisableScriptedObjects (5ms)
			BackupInstance (0ms)
			ReleaseScriptingObjects (0ms)
			CreateAndSetChildDomain (50ms)
		EndReloadAssembly (1082ms)
			LoadAssemblies (162ms)
			RebuildTransferFunctionScriptingTraits (0ms)
			SetupTypeCache (378ms)
			ReleaseScriptCaches (1ms)
			RebuildScriptCaches (52ms)
			SetupLoadedEditorAssemblies (408ms)
				LogAssemblyErrors (0ms)
				InitializePlatformSupportModulesInManaged (3ms)
				SetLoadedEditorAssemblies (1ms)
				RefreshPlugins (1ms)
				BeforeProcessingInitializeOnLoad (118ms)
				ProcessInitializeOnLoadAttributes (266ms)
				ProcessInitializeOnLoadMethodAttributes (19ms)
				AfterProcessingInitializeOnLoad (1ms)
				EditorAssembliesLoaded (0ms)
			ExecutionOrderSort2 (0ms)
			AwakeInstancesAfterBackupRestoration (8ms)
Platform modules already initialized, skipping
Refreshing native plugins compatible for Editor in 0.52 ms, found 2 plugins.
Preloading 0 native plugins for Editor in 0.00 ms.
Unloading 2210 Unused Serialized files (Serialized files now loaded: 0)
System memory in use before: 241.8 MB.
System memory in use after: 242.1 MB.

Unloading 12 unused Assets to reduce memory usage. Loaded Objects now: 2814.
Total: 3.511340 ms (FindLiveObjects: 0.225941 ms CreateObjectMapping: 0.101963 ms MarkObjects: 3.154674 ms  DeleteObjects: 0.027973 ms)

AssetImportParameters requested are different than current active one (requested -> active):
  custom:video-decoder-ogg-theora: a1e56fd34408186e4bbccfd4996cb3dc -> 
  custom:container-muxer-webm: aa71ff27fc2769a1b78a27578f13a17b -> 
  custom:container-demuxer-webm: 4f35f7cbe854078d1ac9338744f61a02 -> 
  custom:container-demuxer-ogg: 62fdf1f143b41e24485cea50d1cbac27 -> 
  custom:video-encoder-webm-vp8: eb34c28f22e8b96e1ab97ce403110664 -> 
  custom:framework-osx-AVFoundation: e770b220cccbd017edd2c1fefb359320 -> 
  custom:video-decoder-webm-vp8: 9c59270c3fd7afecdb556c50c9e8de78 -> 
  custom:audio-decoder-ogg-vorbis: bf7c407c2cedff20999df2af8eb42d56 -> 
  custom:audio-encoder-webm-vorbis: bf7c407c2cedff20999df2af8eb42d56 -> 
========================================================================
Received Prepare
Registering precompiled user dll's ...
Registered in 0.005627 seconds.
Begin MonoManager ReloadAssembly
Native extension for OSXStandalone target not found
Refreshing native plugins compatible for Editor in 0.68 ms, found 2 plugins.
Preloading 0 native plugins for Editor in 0.00 ms.
2022-06-07 10:55:23.477 Unity[18532:1286518] NSEventModifierFlagFunction specified to -setKeyEquivalentModifierMask: for item <NSMenuItem: 0x6000011e7100 Font Asset, ke='Command-F12'>, but is only supported for system-provided menu items; will not be used
Mono: successfully reloaded assembly
- Completed reload, in  1.452 seconds
Domain Reload Profiling:
	ReloadAssembly (1452ms)
		BeginReloadAssembly (183ms)
			ExecutionOrderSort (0ms)
			DisableScriptedObjects (5ms)
			BackupInstance (0ms)
			ReleaseScriptingObjects (0ms)
			CreateAndSetChildDomain (53ms)
		EndReloadAssembly (1203ms)
			LoadAssemblies (157ms)
			RebuildTransferFunctionScriptingTraits (0ms)
			SetupTypeCache (388ms)
			ReleaseScriptCaches (1ms)
			RebuildScriptCaches (59ms)
			SetupLoadedEditorAssemblies (485ms)
				LogAssemblyErrors (0ms)
				InitializePlatformSupportModulesInManaged (5ms)
				SetLoadedEditorAssemblies (1ms)
				RefreshPlugins (1ms)
				BeforeProcessingInitializeOnLoad (143ms)
				ProcessInitializeOnLoadAttributes (318ms)
				ProcessInitializeOnLoadMethodAttributes (16ms)
				AfterProcessingInitializeOnLoad (1ms)
				EditorAssembliesLoaded (0ms)
			ExecutionOrderSort2 (0ms)
			AwakeInstancesAfterBackupRestoration (9ms)
Platform modules already initialized, skipping
Refreshing native plugins compatible for Editor in 0.53 ms, found 2 plugins.
Preloading 0 native plugins for Editor in 0.00 ms.
Unloading 2210 Unused Serialized files (Serialized files now loaded: 0)
System memory in use before: 242.0 MB.
System memory in use after: 242.2 MB.

Unloading 12 unused Assets to reduce memory usage. Loaded Objects now: 2817.
Total: 3.820761 ms (FindLiveObjects: 0.222095 ms CreateObjectMapping: 0.085340 ms MarkObjects: 3.489564 ms  DeleteObjects: 0.022887 ms)

AssetImportParameters requested are different than current active one (requested -> active):
  custom:video-decoder-ogg-theora: a1e56fd34408186e4bbccfd4996cb3dc -> 
  custom:container-muxer-webm: aa71ff27fc2769a1b78a27578f13a17b -> 
  custom:container-demuxer-webm: 4f35f7cbe854078d1ac9338744f61a02 -> 
  custom:container-demuxer-ogg: 62fdf1f143b41e24485cea50d1cbac27 -> 
  custom:video-encoder-webm-vp8: eb34c28f22e8b96e1ab97ce403110664 -> 
  custom:framework-osx-AVFoundation: e770b220cccbd017edd2c1fefb359320 -> 
  custom:video-decoder-webm-vp8: 9c59270c3fd7afecdb556c50c9e8de78 -> 
  custom:audio-decoder-ogg-vorbis: bf7c407c2cedff20999df2af8eb42d56 -> 
  custom:audio-encoder-webm-vorbis: bf7c407c2cedff20999df2af8eb42d56 -> 
========================================================================
Received Import Request.
  Time since last request: 133.062553 seconds.
  path: Assets/Prefabs/Water.prefab
  artifactKey: Guid(866e86e4a755b4a7da3a51265ca2222c) Importer(815301076,1909f56bfc062723c751e8b465ee728b)
Start importing Assets/Prefabs/Water.prefab using Guid(866e86e4a755b4a7da3a51265ca2222c) Importer(815301076,1909f56bfc062723c751e8b465ee728b)  -> (artifact id: 'd9118800f91d63c223c48f57fe5fae1c') in 0.093291 seconds 
========================================================================
Received Import Request.
  Time since last request: 15.224573 seconds.
  path: Assets/Prefabs/Water.prefab
  artifactKey: Guid(866e86e4a755b4a7da3a51265ca2222c) Importer(815301076,1909f56bfc062723c751e8b465ee728b)
Start importing Assets/Prefabs/Water.prefab using Guid(866e86e4a755b4a7da3a51265ca2222c) Importer(815301076,1909f56bfc062723c751e8b465ee728b)  -> (artifact id: '409806dacfe0e74f271cc56c20ce2ca2') in 0.044393 seconds 
========================================================================
Received Import Request.
  Time since last request: 111.510062 seconds.
  path: Assets/Prefabs/Water Stack.prefab
  artifactKey: Guid(ca445d96882ba49baaaa5c93fdce51a0) Importer(815301076,1909f56bfc062723c751e8b465ee728b)
Start importing Assets/Prefabs/Water Stack.prefab using Guid(ca445d96882ba49baaaa5c93fdce51a0) Importer(815301076,1909f56bfc062723c751e8b465ee728b)  -> (artifact id: '3312f29a3b3e4bb895c7875b727f5d26') in 0.023684 seconds 
========================================================================
Received Import Request.
  Time since last request: 27.579854 seconds.
  path: Assets/Prefabs/Water Stack.prefab
  artifactKey: Guid(ca445d96882ba49baaaa5c93fdce51a0) Importer(815301076,1909f56bfc062723c751e8b465ee728b)
Start importing Assets/Prefabs/Water Stack.prefab using Guid(ca445d96882ba49baaaa5c93fdce51a0) Importer(815301076,1909f56bfc062723c751e8b465ee728b)  -> (artifact id: 'b003d982f03fe9b5968d8c726ae9c67e') in 0.018776 seconds 
========================================================================
Received Import Request.
  Time since last request: 310.544603 seconds.
  path: Assets/Scenes/Level-2.unity
  artifactKey: Guid(b4b6b58524e034b78bf314f2857f1d20) Importer(815301076,1909f56bfc062723c751e8b465ee728b)
Start importing Assets/Scenes/Level-2.unity using Guid(b4b6b58524e034b78bf314f2857f1d20) Importer(815301076,1909f56bfc062723c751e8b465ee728b)  -> (artifact id: '153ca443a927e581335be060b1a73489') in 0.004395 seconds 
========================================================================
Received Import Request.
  Time since last request: 131.228001 seconds.
  path: Assets/Scenes/Level1.unity
  artifactKey: Guid(9fc0d4010bbf28b4594072e72b8655ab) Importer(815301076,1909f56bfc062723c751e8b465ee728b)
Start importing Assets/Scenes/Level1.unity using Guid(9fc0d4010bbf28b4594072e72b8655ab) Importer(815301076,1909f56bfc062723c751e8b465ee728b)  -> (artifact id: 'c7ccc58e3ebdd21d48ddc31a0af38940') in 0.008465 seconds 
========================================================================
Received Prepare
Registering precompiled user dll's ...
Registered in 0.001153 seconds.
Begin MonoManager ReloadAssembly
Native extension for OSXStandalone target not found
Refreshing native plugins compatible for Editor in 0.96 ms, found 2 plugins.
Preloading 0 native plugins for Editor in 0.00 ms.
2022-06-07 11:54:32.902 Unity[18532:1286518] NSEventModifierFlagFunction specified to -setKeyEquivalentModifierMask: for item <NSMenuItem: 0x6000011b1730 Font Asset, ke='Command-F12'>, but is only supported for system-provided menu items; will not be used
Mono: successfully reloaded assembly
- Completed reload, in  1.408 seconds
Domain Reload Profiling:
	ReloadAssembly (1411ms)
		BeginReloadAssembly (233ms)
			ExecutionOrderSort (0ms)
			DisableScriptedObjects (11ms)
			BackupInstance (0ms)
			ReleaseScriptingObjects (0ms)
			CreateAndSetChildDomain (111ms)
		EndReloadAssembly (1104ms)
			LoadAssemblies (105ms)
			RebuildTransferFunctionScriptingTraits (0ms)
			SetupTypeCache (393ms)
			ReleaseScriptCaches (2ms)
			RebuildScriptCaches (54ms)
			SetupLoadedEditorAssemblies (417ms)
				LogAssemblyErrors (0ms)
				InitializePlatformSupportModulesInManaged (5ms)
				SetLoadedEditorAssemblies (1ms)
				RefreshPlugins (1ms)
				BeforeProcessingInitializeOnLoad (143ms)
				ProcessInitializeOnLoadAttributes (257ms)
				ProcessInitializeOnLoadMethodAttributes (9ms)
				AfterProcessingInitializeOnLoad (1ms)
				EditorAssembliesLoaded (0ms)
			ExecutionOrderSort2 (0ms)
			AwakeInstancesAfterBackupRestoration (7ms)
Platform modules already initialized, skipping
Refreshing native plugins compatible for Editor in 0.52 ms, found 2 plugins.
Preloading 0 native plugins for Editor in 0.00 ms.
Unloading 2210 Unused Serialized files (Serialized files now loaded: 0)
System memory in use before: 242.3 MB.
System memory in use after: 242.5 MB.

Unloading 12 unused Assets to reduce memory usage. Loaded Objects now: 2821.
Total: 3.836347 ms (FindLiveObjects: 0.294203 ms CreateObjectMapping: 0.126106 ms MarkObjects: 3.382458 ms  DeleteObjects: 0.032526 ms)

AssetImportParameters requested are different than current active one (requested -> active):
  custom:video-decoder-ogg-theora: a1e56fd34408186e4bbccfd4996cb3dc -> 
  custom:container-muxer-webm: aa71ff27fc2769a1b78a27578f13a17b -> 
  custom:container-demuxer-webm: 4f35f7cbe854078d1ac9338744f61a02 -> 
  custom:container-demuxer-ogg: 62fdf1f143b41e24485cea50d1cbac27 -> 
  custom:video-encoder-webm-vp8: eb34c28f22e8b96e1ab97ce403110664 -> 
  custom:framework-osx-AVFoundation: e770b220cccbd017edd2c1fefb359320 -> 
  custom:video-decoder-webm-vp8: 9c59270c3fd7afecdb556c50c9e8de78 -> 
  custom:audio-decoder-ogg-vorbis: bf7c407c2cedff20999df2af8eb42d56 -> 
  custom:audio-encoder-webm-vorbis: bf7c407c2cedff20999df2af8eb42d56 -> 
========================================================================
Received Import Request.
  Time since last request: 194.012253 seconds.
  path: Assets/Scenes/level-3.unity
  artifactKey: Guid(d9653a78d42bc4c89b78f8c03bc0cbaa) Importer(815301076,1909f56bfc062723c751e8b465ee728b)
Start importing Assets/Scenes/level-3.unity using Guid(d9653a78d42bc4c89b78f8c03bc0cbaa) Importer(815301076,1909f56bfc062723c751e8b465ee728b)  -> (artifact id: '7413df6a29662c005fe9c386e333883e') in 0.009740 seconds 
========================================================================
Received Import Request.
  Time since last request: 19.498897 seconds.
  path: Assets/Scenes/Level1.unity
  artifactKey: Guid(9fc0d4010bbf28b4594072e72b8655ab) Importer(815301076,1909f56bfc062723c751e8b465ee728b)
Start importing Assets/Scenes/Level1.unity using Guid(9fc0d4010bbf28b4594072e72b8655ab) Importer(815301076,1909f56bfc062723c751e8b465ee728b)  -> (artifact id: '4a218c4a57ae71009d19a1590b946f03') in 0.012405 seconds 
========================================================================
Received Prepare
Registering precompiled user dll's ...
Registered in 0.005578 seconds.
Begin MonoManager ReloadAssembly
Native extension for OSXStandalone target not found
Refreshing native plugins compatible for Editor in 0.49 ms, found 2 plugins.
Preloading 0 native plugins for Editor in 0.00 ms.
2022-06-07 12:12:42.833 Unity[18532:1286518] NSEventModifierFlagFunction specified to -setKeyEquivalentModifierMask: for item <NSMenuItem: 0x6000011b2ca0 Font Asset, ke='Command-F12'>, but is only supported for system-provided menu items; will not be used
Mono: successfully reloaded assembly
- Completed reload, in  1.441 seconds
Domain Reload Profiling:
	ReloadAssembly (1443ms)
		BeginReloadAssembly (284ms)
			ExecutionOrderSort (0ms)
			DisableScriptedObjects (9ms)
			BackupInstance (0ms)
			ReleaseScriptingObjects (0ms)
			CreateAndSetChildDomain (105ms)
		EndReloadAssembly (1090ms)
			LoadAssemblies (187ms)
			RebuildTransferFunctionScriptingTraits (0ms)
			SetupTypeCache (349ms)
			ReleaseScriptCaches (2ms)
			RebuildScriptCaches (48ms)
			SetupLoadedEditorAssemblies (436ms)
				LogAssemblyErrors (0ms)
				InitializePlatformSupportModulesInManaged (4ms)
				SetLoadedEditorAssemblies (1ms)
				RefreshPlugins (1ms)
				BeforeProcessingInitializeOnLoad (119ms)
				ProcessInitializeOnLoadAttributes (297ms)
				ProcessInitializeOnLoadMethodAttributes (14ms)
				AfterProcessingInitializeOnLoad (1ms)
				EditorAssembliesLoaded (0ms)
			ExecutionOrderSort2 (0ms)
			AwakeInstancesAfterBackupRestoration (8ms)
Platform modules already initialized, skipping
Refreshing native plugins compatible for Editor in 0.49 ms, found 2 plugins.
Preloading 0 native plugins for Editor in 0.00 ms.
Unloading 2210 Unused Serialized files (Serialized files now loaded: 0)
System memory in use before: 242.5 MB.
System memory in use after: 242.7 MB.

Unloading 12 unused Assets to reduce memory usage. Loaded Objects now: 2824.
Total: 4.480803 ms (FindLiveObjects: 0.262939 ms CreateObjectMapping: 0.147142 ms MarkObjects: 4.032838 ms  DeleteObjects: 0.036643 ms)

AssetImportParameters requested are different than current active one (requested -> active):
  custom:video-decoder-ogg-theora: a1e56fd34408186e4bbccfd4996cb3dc -> 
  custom:container-muxer-webm: aa71ff27fc2769a1b78a27578f13a17b -> 
  custom:container-demuxer-webm: 4f35f7cbe854078d1ac9338744f61a02 -> 
  custom:container-demuxer-ogg: 62fdf1f143b41e24485cea50d1cbac27 -> 
  custom:video-encoder-webm-vp8: eb34c28f22e8b96e1ab97ce403110664 -> 
  custom:framework-osx-AVFoundation: e770b220cccbd017edd2c1fefb359320 -> 
  custom:video-decoder-webm-vp8: 9c59270c3fd7afecdb556c50c9e8de78 -> 
  custom:audio-decoder-ogg-vorbis: bf7c407c2cedff20999df2af8eb42d56 -> 
  custom:audio-encoder-webm-vorbis: bf7c407c2cedff20999df2af8eb42d56 -> 
AssetImportWorkerClient::OnTransportError - code=2 error=End of file
