Unity Editor version:    2020.3.32f1 (12f8b0834f07)
Branch:                  2020.3/staging
Build type:              Release
Batch mode:              YES
macOS version:           Version 12.3.1 (Build 21E258)
Darwin version:          21.4.0
Architecture:            x86_64
Running under Rosetta:   NO
Available memory:        8192 MB
Using pre-set license
Pro License: NO

COMMAND LINE ARGUMENTS:
/Applications/Unity/Hub/Editor/2020.3.32f1/Unity.app/Contents/MacOS/Unity
-adb2
-batchMode
-noUpm
-name
AssetImportWorker0
-projectPath
/Users/mustafawaled/Desktop/BallGame
-logFile
Logs/AssetImportWorker0.log
-srvPort
65100
Successfully changed project path to: /Users/mustafawaled/Desktop/BallGame
/Users/mustafawaled/Desktop/BallGame
Using Asset Import Pipeline V2.
Refreshing native plugins compatible for Editor in 64.08 ms, found 2 plugins.
Preloading 0 native plugins for Editor in 0.00 ms.
Initialize engine version: 2020.3.32f1 (12f8b0834f07)
[Subsystems] Discovering subsystems at path /Applications/Unity/Hub/Editor/2020.3.32f1/Unity.app/Contents/Resources/UnitySubsystems
[Subsystems] Discovering subsystems at path /Users/mustafawaled/Desktop/BallGame/Assets
GfxDevice: creating device client; threaded=0
2022-05-30 11:44:43.605 Unity[43723:2181665] Color LCD preferred device: Intel(R) Iris(TM) Plus Graphics 655 (low power)
2022-05-30 11:44:43.605 Unity[43723:2181665] Metal devices available: 1
2022-05-30 11:44:43.605 Unity[43723:2181665] 0: Intel(R) Iris(TM) Plus Graphics 655 (low power)
2022-05-30 11:44:43.605 Unity[43723:2181665] Using device Intel(R) Iris(TM) Plus Graphics 655 (low power)
Initializing Metal device caps: Intel(R) Iris(TM) Plus Graphics 655
Initialize mono
Mono path[0] = '/Applications/Unity/Hub/Editor/2020.3.32f1/Unity.app/Contents/Managed'
Mono path[1] = '/Applications/Unity/Hub/Editor/2020.3.32f1/Unity.app/Contents/MonoBleedingEdge/lib/mono/unityjit'
Mono config path = '/Applications/Unity/Hub/Editor/2020.3.32f1/Unity.app/Contents/MonoBleedingEdge/etc'
Using monoOptions --debugger-agent=transport=dt_socket,embedding=1,server=y,suspend=n,address=127.0.0.1:56723
Begin MonoManager ReloadAssembly
Registering precompiled unity dll's ...
Register platform support module: /Applications/Unity/Hub/Editor/2020.3.32f1/Unity.app/Contents/PlaybackEngines/MacStandaloneSupport/UnityEditor.OSXStandalone.Extensions.dll
Registered in 0.003116 seconds.
Native extension for OSXStandalone target not found
Refreshing native plugins compatible for Editor in 46.16 ms, found 2 plugins.
Preloading 0 native plugins for Editor in 0.00 ms.
Mono: successfully reloaded assembly
- Completed reload, in  0.721 seconds
Domain Reload Profiling:
	ReloadAssembly (722ms)
		BeginReloadAssembly (104ms)
			ExecutionOrderSort (0ms)
			DisableScriptedObjects (0ms)
			BackupInstance (0ms)
			ReleaseScriptingObjects (0ms)
			CreateAndSetChildDomain (1ms)
		EndReloadAssembly (538ms)
			LoadAssemblies (106ms)
			RebuildTransferFunctionScriptingTraits (0ms)
			SetupTypeCache (196ms)
			ReleaseScriptCaches (0ms)
			RebuildScriptCaches (41ms)
			SetupLoadedEditorAssemblies (202ms)
				LogAssemblyErrors (0ms)
				InitializePlatformSupportModulesInManaged (5ms)
				SetLoadedEditorAssemblies (0ms)
				RefreshPlugins (46ms)
				BeforeProcessingInitializeOnLoad (11ms)
				ProcessInitializeOnLoadAttributes (108ms)
				ProcessInitializeOnLoadMethodAttributes (32ms)
				AfterProcessingInitializeOnLoad (0ms)
				EditorAssembliesLoaded (0ms)
			ExecutionOrderSort2 (0ms)
			AwakeInstancesAfterBackupRestoration (0ms)
Platform modules already initialized, skipping
Registering precompiled user dll's ...
Registered in 0.009052 seconds.
Begin MonoManager ReloadAssembly
Native extension for OSXStandalone target not found
Refreshing native plugins compatible for Editor in 44.17 ms, found 2 plugins.
Preloading 0 native plugins for Editor in 0.00 ms.
Mono: successfully reloaded assembly
- Completed reload, in  1.307 seconds
Domain Reload Profiling:
	ReloadAssembly (1309ms)
		BeginReloadAssembly (154ms)
			ExecutionOrderSort (0ms)
			DisableScriptedObjects (5ms)
			BackupInstance (0ms)
			ReleaseScriptingObjects (0ms)
			CreateAndSetChildDomain (26ms)
		EndReloadAssembly (1095ms)
			LoadAssemblies (121ms)
			RebuildTransferFunctionScriptingTraits (0ms)
			SetupTypeCache (353ms)
			ReleaseScriptCaches (0ms)
			RebuildScriptCaches (61ms)
			SetupLoadedEditorAssemblies (425ms)
				LogAssemblyErrors (0ms)
				InitializePlatformSupportModulesInManaged (3ms)
				SetLoadedEditorAssemblies (0ms)
				RefreshPlugins (44ms)
				BeforeProcessingInitializeOnLoad (74ms)
				ProcessInitializeOnLoadAttributes (287ms)
				ProcessInitializeOnLoadMethodAttributes (15ms)
				AfterProcessingInitializeOnLoad (1ms)
				EditorAssembliesLoaded (0ms)
			ExecutionOrderSort2 (0ms)
			AwakeInstancesAfterBackupRestoration (6ms)
Platform modules already initialized, skipping
Validating Project structure ... 0.002196 seconds.
Shader import version has changed; will reimport all shaders...
Upgrading shader files ...0.023457 seconds.
Application.AssetDatabase Initial Script Refresh Start
RefreshInfo: InitialScriptRefreshV2(NoUpdateAssetOptions) scanfilter:  ... 1 filters
RefreshProfiler: Total: 0.000ms
Application.AssetDatabase Initial Script Refresh End
Application.AssetDatabase.Refresh Start
Application.AssetDatabase.Refresh End
RefreshInfo: StopAssetImportingV2(ForceSynchronousImport) scanfilter: 
RefreshProfiler: Total: 0.000ms
Launching external process: /Applications/Unity/Hub/Editor/2020.3.32f1/Unity.app/Contents/Tools/UnityShaderCompiler
Launched and connected shader compiler UnityShaderCompiler after 0.01 seconds
Initializing Unity extensions:
2022-05-30 11:44:49.596 Unity[43723:2181665] NSEventModifierFlagFunction specified to -setKeyEquivalentModifierMask: for item <NSMenuItem: 0x600002f7f5d0 Font Asset, ke='Command-F12'>, but is only supported for system-provided menu items; will not be used
2022-05-30 11:44:49.602 Unity[43723:2181665] NSEventModifierFlagFunction specified to -setKeyEquivalentModifierMask: for item <NSMenuItem: 0x600002f01b90 Font Asset, ke='Command-F12'>, but is only supported for system-provided menu items; will not be used
========================================================================
Worker process is ready to serve import requests
Refreshing native plugins compatible for Editor in 0.66 ms, found 2 plugins.
Preloading 0 native plugins for Editor in 0.00 ms.
Unloading 2248 Unused Serialized files (Serialized files now loaded: 0)
System memory in use before: 234.1 MB.
System memory in use after: 234.1 MB.

Unloading 120 unused Assets to reduce memory usage. Loaded Objects now: 2752.
Total: 3.773822 ms (FindLiveObjects: 0.255489 ms CreateObjectMapping: 0.136528 ms MarkObjects: 3.207284 ms  DeleteObjects: 0.173846 ms)

AssetImportParameters requested are different than current active one (requested -> active):
  custom:video-decoder-ogg-theora: a1e56fd34408186e4bbccfd4996cb3dc -> 
  custom:container-muxer-webm: aa71ff27fc2769a1b78a27578f13a17b -> 
  custom:container-demuxer-webm: 4f35f7cbe854078d1ac9338744f61a02 -> 
  custom:container-demuxer-ogg: 62fdf1f143b41e24485cea50d1cbac27 -> 
  custom:video-encoder-webm-vp8: eb34c28f22e8b96e1ab97ce403110664 -> 
  custom:framework-osx-AVFoundation: e770b220cccbd017edd2c1fefb359320 -> 
  custom:video-decoder-webm-vp8: 9c59270c3fd7afecdb556c50c9e8de78 -> 
  custom:audio-decoder-ogg-vorbis: bf7c407c2cedff20999df2af8eb42d56 -> 
  custom:audio-encoder-webm-vorbis: bf7c407c2cedff20999df2af8eb42d56 -> 
========================================================================
Received Import Request.
  path: Assets/External/Textures/SmokePuffParticleSheet.png
  artifactKey: Guid(5533492e67b28453288ac587ef6eda1e) Importer(815301076,1909f56bfc062723c751e8b465ee728b)
Start importing Assets/External/Textures/SmokePuffParticleSheet.png using Guid(5533492e67b28453288ac587ef6eda1e) Importer(815301076,1909f56bfc062723c751e8b465ee728b)  -> (artifact id: 'b84fcd935cf7b2c11d0ecec4ba6607e8') in 0.235498 seconds 
========================================================================
Received Import Request.
  Time since last request: 0.000667 seconds.
  path: Assets/External/Textures/SmokePuffNormalSheet.tif
  artifactKey: Guid(f96f2f468d2a14a4f84ea34104171707) Importer(815301076,1909f56bfc062723c751e8b465ee728b)
Start importing Assets/External/Textures/SmokePuffNormalSheet.tif using Guid(f96f2f468d2a14a4f84ea34104171707) Importer(815301076,1909f56bfc062723c751e8b465ee728b)  -> (artifact id: '432a290442238e720475abc07cd7b74f') in 0.256497 seconds 
========================================================================
Received Import Request.
  Time since last request: 0.000442 seconds.
  path: Assets/External/Textures/SmokePuff02ParticleSheet.tif
  artifactKey: Guid(2c97e762309e547e6b67b6de0e38d3f7) Importer(815301076,1909f56bfc062723c751e8b465ee728b)
Start importing Assets/External/Textures/SmokePuff02ParticleSheet.tif using Guid(2c97e762309e547e6b67b6de0e38d3f7) Importer(815301076,1909f56bfc062723c751e8b465ee728b)  -> (artifact id: 'd7bd77eabdf004596942ce952fe0c365') in 0.019102 seconds 
========================================================================
Received Import Request.
  Time since last request: 81.231380 seconds.
  path: Assets/Material/Explotion.mat
  artifactKey: Guid(626e5b62ddc594524b62f3266d9bab79) Importer(815301076,1909f56bfc062723c751e8b465ee728b)
Start importing Assets/Material/Explotion.mat using Guid(626e5b62ddc594524b62f3266d9bab79) Importer(815301076,1909f56bfc062723c751e8b465ee728b)  -> (artifact id: '77510077c5a043ac73dd13a3b5ad5bf4') in 0.247139 seconds 
========================================================================
Received Import Request.
  Time since last request: 262.142494 seconds.
  path: Assets/Prefabs/Explotion.prefab
  artifactKey: Guid(a3134034e56af486bae8224589fe6034) Importer(815301076,1909f56bfc062723c751e8b465ee728b)
Start importing Assets/Prefabs/Explotion.prefab using Guid(a3134034e56af486bae8224589fe6034) Importer(815301076,1909f56bfc062723c751e8b465ee728b)  -> (artifact id: '4d464213b1397a32c674f0025c58a026') in 0.129213 seconds 
========================================================================
Received Import Request.
  Time since last request: 79.554947 seconds.
  path: Assets/Prefabs/Explotion.prefab
  artifactKey: Guid(a3134034e56af486bae8224589fe6034) Importer(815301076,1909f56bfc062723c751e8b465ee728b)
Start importing Assets/Prefabs/Explotion.prefab using Guid(a3134034e56af486bae8224589fe6034) Importer(815301076,1909f56bfc062723c751e8b465ee728b)  -> (artifact id: '1589f2fb3a69202ca7f53f9ef899f0d8') in 0.024998 seconds 
========================================================================
Received Import Request.
  Time since last request: 12.493051 seconds.
  path: Assets/Prefabs/Explotion.prefab
  artifactKey: Guid(a3134034e56af486bae8224589fe6034) Importer(815301076,1909f56bfc062723c751e8b465ee728b)
Start importing Assets/Prefabs/Explotion.prefab using Guid(a3134034e56af486bae8224589fe6034) Importer(815301076,1909f56bfc062723c751e8b465ee728b)  -> (artifact id: '59436aeb90aad8dc0db2263f4ced31ea') in 0.013071 seconds 
========================================================================
Received Import Request.
  Time since last request: 44.992755 seconds.
  path: Assets/TextMesh Pro/Resources/Fonts & Materials/LiberationSans SDF - Outline.mat
  artifactKey: Guid(79459efec17a4d00a321bdcc27bbc385) Importer(815301076,1909f56bfc062723c751e8b465ee728b)
Start importing Assets/TextMesh Pro/Resources/Fonts & Materials/LiberationSans SDF - Outline.mat using Guid(79459efec17a4d00a321bdcc27bbc385) Importer(815301076,1909f56bfc062723c751e8b465ee728b)  -> (artifact id: '289988fcecf3b00d1602f8d2b589f7dd') in 0.153009 seconds 
========================================================================
Received Import Request.
  Time since last request: 0.000256 seconds.
  path: Assets/TextMesh Pro/Resources/Fonts & Materials/LiberationSans SDF - Fallback.asset
  artifactKey: Guid(2e498d1c8094910479dc3e1b768306a4) Importer(815301076,1909f56bfc062723c751e8b465ee728b)
Start importing Assets/TextMesh Pro/Resources/Fonts & Materials/LiberationSans SDF - Fallback.asset using Guid(2e498d1c8094910479dc3e1b768306a4) Importer(815301076,1909f56bfc062723c751e8b465ee728b)  -> (artifact id: 'b8c2210586957436df79bf961aeff06e') in 0.217863 seconds 
========================================================================
Received Import Request.
  Time since last request: 0.000462 seconds.
  path: Assets/TextMesh Pro/Fonts/LiberationSans.ttf
  artifactKey: Guid(e3265ab4bf004d28a9537516768c1c75) Importer(815301076,1909f56bfc062723c751e8b465ee728b)
Start importing Assets/TextMesh Pro/Fonts/LiberationSans.ttf using Guid(e3265ab4bf004d28a9537516768c1c75) Importer(815301076,1909f56bfc062723c751e8b465ee728b)  -> (artifact id: 'a31d09850e079c4c77073532874e4c7b') in 0.189808 seconds 
========================================================================
Received Import Request.
  Time since last request: 0.000462 seconds.
  path: Assets/TextMesh Pro/Resources/Fonts & Materials/LiberationSans SDF - Drop Shadow.mat
  artifactKey: Guid(e73a58f6e2794ae7b1b7e50b7fb811b0) Importer(815301076,1909f56bfc062723c751e8b465ee728b)
Start importing Assets/TextMesh Pro/Resources/Fonts & Materials/LiberationSans SDF - Drop Shadow.mat using Guid(e73a58f6e2794ae7b1b7e50b7fb811b0) Importer(815301076,1909f56bfc062723c751e8b465ee728b)  -> (artifact id: 'ca0d2861f60500f05bd29199894f7bb5') in 0.177420 seconds 
========================================================================
Received Import Request.
  Time since last request: 0.000418 seconds.
  path: Assets/TextMesh Pro/Resources/Fonts & Materials/LiberationSans SDF.asset
  artifactKey: Guid(8f586378b4e144a9851e7b34d9b748ee) Importer(815301076,1909f56bfc062723c751e8b465ee728b)
Start importing Assets/TextMesh Pro/Resources/Fonts & Materials/LiberationSans SDF.asset using Guid(8f586378b4e144a9851e7b34d9b748ee) Importer(815301076,1909f56bfc062723c751e8b465ee728b)  -> (artifact id: 'a999e2efb2b2598fff75f4283364845a') in 0.051778 seconds 
========================================================================
Received Import Request.
  Time since last request: 927.870339 seconds.
  path: Assets/Prefabs/Explotion.prefab
  artifactKey: Guid(a3134034e56af486bae8224589fe6034) Importer(815301076,1909f56bfc062723c751e8b465ee728b)
Start importing Assets/Prefabs/Explotion.prefab using Guid(a3134034e56af486bae8224589fe6034) Importer(815301076,1909f56bfc062723c751e8b465ee728b)  -> (artifact id: '35f694d873107a857e6e6932ffc2e591') in 0.024307 seconds 
========================================================================
Received Import Request.
  Time since last request: 10.338499 seconds.
  path: Assets/Prefabs/Explotion.prefab
  artifactKey: Guid(a3134034e56af486bae8224589fe6034) Importer(815301076,1909f56bfc062723c751e8b465ee728b)
Start importing Assets/Prefabs/Explotion.prefab using Guid(a3134034e56af486bae8224589fe6034) Importer(815301076,1909f56bfc062723c751e8b465ee728b)  -> (artifact id: '0eea061b6878b9150ff3eb91091461fa') in 0.013174 seconds 
========================================================================
Received Import Request.
  Time since last request: 1.709449 seconds.
  path: Assets/Prefabs/Explotion.prefab
  artifactKey: Guid(a3134034e56af486bae8224589fe6034) Importer(815301076,1909f56bfc062723c751e8b465ee728b)
Start importing Assets/Prefabs/Explotion.prefab using Guid(a3134034e56af486bae8224589fe6034) Importer(815301076,1909f56bfc062723c751e8b465ee728b)  -> (artifact id: 'edb116160a8d9cab97761d61756d85b6') in 0.012956 seconds 
========================================================================
Received Import Request.
  Time since last request: 0.639234 seconds.
  path: Assets/Prefabs/Explotion.prefab
  artifactKey: Guid(a3134034e56af486bae8224589fe6034) Importer(815301076,1909f56bfc062723c751e8b465ee728b)
Start importing Assets/Prefabs/Explotion.prefab using Guid(a3134034e56af486bae8224589fe6034) Importer(815301076,1909f56bfc062723c751e8b465ee728b)  -> (artifact id: '3f7ef5e863626c230b09683c616d779e') in 0.026878 seconds 
========================================================================
Received Import Request.
  Time since last request: 0.617910 seconds.
  path: Assets/Prefabs/Explotion.prefab
  artifactKey: Guid(a3134034e56af486bae8224589fe6034) Importer(815301076,1909f56bfc062723c751e8b465ee728b)
Start importing Assets/Prefabs/Explotion.prefab using Guid(a3134034e56af486bae8224589fe6034) Importer(815301076,1909f56bfc062723c751e8b465ee728b)  -> (artifact id: '02b073aff95f2cbfde9aa023a4e6960f') in 0.027061 seconds 
========================================================================
Received Import Request.
  Time since last request: 18.681671 seconds.
  path: Assets/Prefabs/Explotion.prefab
  artifactKey: Guid(a3134034e56af486bae8224589fe6034) Importer(815301076,1909f56bfc062723c751e8b465ee728b)
Start importing Assets/Prefabs/Explotion.prefab using Guid(a3134034e56af486bae8224589fe6034) Importer(815301076,1909f56bfc062723c751e8b465ee728b)  -> (artifact id: 'f9b0df5e0ad219f9247f9357dd65e757') in 0.032471 seconds 
========================================================================
Received Import Request.
  Time since last request: 4.386285 seconds.
  path: Assets/Prefabs/Explotion.prefab
  artifactKey: Guid(a3134034e56af486bae8224589fe6034) Importer(815301076,1909f56bfc062723c751e8b465ee728b)
Start importing Assets/Prefabs/Explotion.prefab using Guid(a3134034e56af486bae8224589fe6034) Importer(815301076,1909f56bfc062723c751e8b465ee728b)  -> (artifact id: 'fc798d85a578eb65a1f8c9c0722666bd') in 0.015964 seconds 
========================================================================
Received Import Request.
  Time since last request: 211.908784 seconds.
  path: Assets/Prefabs/DrippingFlames.prefab
  artifactKey: Guid(36a391fc309644664a02cc88f8f9c9c0) Importer(815301076,1909f56bfc062723c751e8b465ee728b)
Start importing Assets/Prefabs/DrippingFlames.prefab using Guid(36a391fc309644664a02cc88f8f9c9c0) Importer(815301076,1909f56bfc062723c751e8b465ee728b)  -> (artifact id: '730c6f667fcdcc6853091bfefc2188aa') in 0.075960 seconds 
========================================================================
Received Import Request.
  Time since last request: 80.062791 seconds.
  path: Assets/External/Materials/FlameRoundYellowParticle.mat
  artifactKey: Guid(59498fe46f57948f68ea9753451f6903) Importer(815301076,1909f56bfc062723c751e8b465ee728b)
Start importing Assets/External/Materials/FlameRoundYellowParticle.mat using Guid(59498fe46f57948f68ea9753451f6903) Importer(815301076,1909f56bfc062723c751e8b465ee728b)  -> (artifact id: 'fb383ab43548e2ca6ae121b5ba9880a5') in 0.058795 seconds 
========================================================================
Received Import Request.
  Time since last request: 47.828908 seconds.
  path: Assets/External/Textures/FlameRoundParticleSheet.tif
  artifactKey: Guid(844ce5a1fc0b644819d4a0771d6dad98) Importer(815301076,1909f56bfc062723c751e8b465ee728b)
Start importing Assets/External/Textures/FlameRoundParticleSheet.tif using Guid(844ce5a1fc0b644819d4a0771d6dad98) Importer(815301076,1909f56bfc062723c751e8b465ee728b)  -> (artifact id: '9a54a9aae9b7370eb3b36e4d4aafc8c6') in 0.049948 seconds 
========================================================================
Received Import Request.
  Time since last request: 13.641273 seconds.
  path: Assets/TextMesh Pro/Sprites/EmojiOne.png
  artifactKey: Guid(dffef66376be4fa480fb02b19edbe903) Importer(815301076,1909f56bfc062723c751e8b465ee728b)
Start importing Assets/TextMesh Pro/Sprites/EmojiOne.png using Guid(dffef66376be4fa480fb02b19edbe903) Importer(815301076,1909f56bfc062723c751e8b465ee728b)  -> (artifact id: '461de82cd83b6ace2f2bb42f6d30c826') in 0.018270 seconds 
========================================================================
Received Import Request.
  Time since last request: 146.611687 seconds.
  path: Assets/Prefabs/DrippingFlames.prefab
  artifactKey: Guid(36a391fc309644664a02cc88f8f9c9c0) Importer(815301076,1909f56bfc062723c751e8b465ee728b)
Start importing Assets/Prefabs/DrippingFlames.prefab using Guid(36a391fc309644664a02cc88f8f9c9c0) Importer(815301076,1909f56bfc062723c751e8b465ee728b)  -> (artifact id: 'c91980ee1c9a07acd5a3a8c8f6658d72') in 0.029494 seconds 
========================================================================
Received Import Request.
  Time since last request: 34.026998 seconds.
  path: Assets/Prefabs/DrippingFlames.prefab
  artifactKey: Guid(36a391fc309644664a02cc88f8f9c9c0) Importer(815301076,1909f56bfc062723c751e8b465ee728b)
Start importing Assets/Prefabs/DrippingFlames.prefab using Guid(36a391fc309644664a02cc88f8f9c9c0) Importer(815301076,1909f56bfc062723c751e8b465ee728b)  -> (artifact id: '1bd44a28fcf1bb6ed518356089a179bf') in 0.030760 seconds 
========================================================================
Received Import Request.
  Time since last request: 34.388020 seconds.
  path: Assets/Prefabs/DrippingFlames.prefab
  artifactKey: Guid(36a391fc309644664a02cc88f8f9c9c0) Importer(815301076,1909f56bfc062723c751e8b465ee728b)
Start importing Assets/Prefabs/DrippingFlames.prefab using Guid(36a391fc309644664a02cc88f8f9c9c0) Importer(815301076,1909f56bfc062723c751e8b465ee728b)  -> (artifact id: '69aac5a3b2adcd8cea1c1453ceb5c300') in 0.026391 seconds 
========================================================================
Received Import Request.
  Time since last request: 68.797532 seconds.
  path: Assets/Prefabs/DrippingFlames.prefab
  artifactKey: Guid(36a391fc309644664a02cc88f8f9c9c0) Importer(815301076,1909f56bfc062723c751e8b465ee728b)
Start importing Assets/Prefabs/DrippingFlames.prefab using Guid(36a391fc309644664a02cc88f8f9c9c0) Importer(815301076,1909f56bfc062723c751e8b465ee728b)  -> (artifact id: 'bea30afc02d58c682d08930ec25759cf') in 0.015196 seconds 
========================================================================
Received Import Request.
  Time since last request: 424.785423 seconds.
  path: Assets/External/Materials/Explotion.mat
  artifactKey: Guid(626e5b62ddc594524b62f3266d9bab79) Importer(815301076,1909f56bfc062723c751e8b465ee728b)
Start importing Assets/External/Materials/Explotion.mat using Guid(626e5b62ddc594524b62f3266d9bab79) Importer(815301076,1909f56bfc062723c751e8b465ee728b)  -> (artifact id: '3f8869fa303723b9863d9a9eb40c0748') in 0.264762 seconds 
========================================================================
Received Prepare
Registering precompiled user dll's ...
Registered in 0.006772 seconds.
Begin MonoManager ReloadAssembly
Native extension for OSXStandalone target not found
Refreshing native plugins compatible for Editor in 0.61 ms, found 2 plugins.
Preloading 0 native plugins for Editor in 0.00 ms.
2022-05-30 12:31:24.917 Unity[43723:2181665] NSEventModifierFlagFunction specified to -setKeyEquivalentModifierMask: for item <NSMenuItem: 0x600002f0d5e0 Font Asset, ke='Command-F12'>, but is only supported for system-provided menu items; will not be used
Mono: successfully reloaded assembly
- Completed reload, in  1.471 seconds
Domain Reload Profiling:
	ReloadAssembly (1516ms)
		BeginReloadAssembly (296ms)
			ExecutionOrderSort (0ms)
			DisableScriptedObjects (7ms)
			BackupInstance (0ms)
			ReleaseScriptingObjects (0ms)
			CreateAndSetChildDomain (107ms)
		EndReloadAssembly (1149ms)
			LoadAssemblies (194ms)
			RebuildTransferFunctionScriptingTraits (0ms)
			SetupTypeCache (364ms)
			ReleaseScriptCaches (1ms)
			RebuildScriptCaches (50ms)
			SetupLoadedEditorAssemblies (425ms)
				LogAssemblyErrors (0ms)
				InitializePlatformSupportModulesInManaged (22ms)
				SetLoadedEditorAssemblies (1ms)
				RefreshPlugins (1ms)
				BeforeProcessingInitializeOnLoad (128ms)
				ProcessInitializeOnLoadAttributes (259ms)
				ProcessInitializeOnLoadMethodAttributes (14ms)
				AfterProcessingInitializeOnLoad (1ms)
				EditorAssembliesLoaded (0ms)
			ExecutionOrderSort2 (0ms)
			AwakeInstancesAfterBackupRestoration (9ms)
Platform modules already initialized, skipping
Refreshing native plugins compatible for Editor in 0.55 ms, found 2 plugins.
Preloading 0 native plugins for Editor in 0.00 ms.
Unloading 2213 Unused Serialized files (Serialized files now loaded: 0)
System memory in use before: 258.9 MB.
System memory in use after: 258.7 MB.

Unloading 16 unused Assets to reduce memory usage. Loaded Objects now: 2810.
Total: 5.432697 ms (FindLiveObjects: 0.656472 ms CreateObjectMapping: 0.122140 ms MarkObjects: 4.260167 ms  DeleteObjects: 0.393225 ms)

AssetImportParameters requested are different than current active one (requested -> active):
  custom:video-decoder-ogg-theora: a1e56fd34408186e4bbccfd4996cb3dc -> 
  custom:container-muxer-webm: aa71ff27fc2769a1b78a27578f13a17b -> 
  custom:container-demuxer-webm: 4f35f7cbe854078d1ac9338744f61a02 -> 
  custom:container-demuxer-ogg: 62fdf1f143b41e24485cea50d1cbac27 -> 
  custom:video-encoder-webm-vp8: eb34c28f22e8b96e1ab97ce403110664 -> 
  custom:framework-osx-AVFoundation: e770b220cccbd017edd2c1fefb359320 -> 
  custom:video-decoder-webm-vp8: 9c59270c3fd7afecdb556c50c9e8de78 -> 
  custom:audio-decoder-ogg-vorbis: bf7c407c2cedff20999df2af8eb42d56 -> 
  custom:audio-encoder-webm-vorbis: bf7c407c2cedff20999df2af8eb42d56 -> 
========================================================================
Received Import Request.
  Time since last request: 300.334819 seconds.
  path: Assets/EffectExamples/FireExplosionEffects
  artifactKey: Guid(9c9c292c9091a7d4fbaf34fdd81b85fc) Importer(815301076,1909f56bfc062723c751e8b465ee728b)
Start importing Assets/EffectExamples/FireExplosionEffects using Guid(9c9c292c9091a7d4fbaf34fdd81b85fc) Importer(815301076,1909f56bfc062723c751e8b465ee728b)  -> (artifact id: 'e943d9774d6134ef0b7ff39e059e82bb') in 0.004618 seconds 
========================================================================
Received Import Request.
  Time since last request: 2.329566 seconds.
  path: Assets/EffectExamples/FireExplosionEffects/Prefabs
  artifactKey: Guid(af557a47dae08a94cb2839384fe7ac98) Importer(815301076,1909f56bfc062723c751e8b465ee728b)
Start importing Assets/EffectExamples/FireExplosionEffects/Prefabs using Guid(af557a47dae08a94cb2839384fe7ac98) Importer(815301076,1909f56bfc062723c751e8b465ee728b)  -> (artifact id: '082e04a831ba42b268c8f54c1a8723e2') in 0.001199 seconds 
========================================================================
Received Import Request.
  Time since last request: 0.088807 seconds.
  path: Assets/EffectExamples/FireExplosionEffects/Prefabs/BigExplosionEffect.prefab
  artifactKey: Guid(acf39d9f4addf294d93fa56fa373961b) Importer(815301076,1909f56bfc062723c751e8b465ee728b)
Start importing Assets/EffectExamples/FireExplosionEffects/Prefabs/BigExplosionEffect.prefab using Guid(acf39d9f4addf294d93fa56fa373961b) Importer(815301076,1909f56bfc062723c751e8b465ee728b)  -> (artifact id: '728ed9136ea182a8df41f75c3bd064ea') in 0.639753 seconds 
========================================================================
Received Import Request.
  Time since last request: 0.000340 seconds.
  path: Assets/EffectExamples/FireExplosionEffects/Prefabs/PlasmaExplosionEffect.prefab
  artifactKey: Guid(96730f8640590934eacb6f860058e7f9) Importer(815301076,1909f56bfc062723c751e8b465ee728b)
Start importing Assets/EffectExamples/FireExplosionEffects/Prefabs/PlasmaExplosionEffect.prefab using Guid(96730f8640590934eacb6f860058e7f9) Importer(815301076,1909f56bfc062723c751e8b465ee728b)  -> (artifact id: 'ca44e622ed091f9959da47dacb1c1da9') in 0.315429 seconds 
========================================================================
Received Import Request.
  Time since last request: 0.000239 seconds.
  path: Assets/EffectExamples/FireExplosionEffects/Prefabs/SmokeEffect.prefab
  artifactKey: Guid(85a8865d1bf4a63478038fae23776de8) Importer(815301076,1909f56bfc062723c751e8b465ee728b)
Start importing Assets/EffectExamples/FireExplosionEffects/Prefabs/SmokeEffect.prefab using Guid(85a8865d1bf4a63478038fae23776de8) Importer(815301076,1909f56bfc062723c751e8b465ee728b)  -> (artifact id: '3038c9bd5c50eafc05998da3d3cf2d10') in 0.039180 seconds 
========================================================================
Received Import Request.
  Time since last request: 0.000256 seconds.
  path: Assets/EffectExamples/FireExplosionEffects/Prefabs/WallFlames.prefab
  artifactKey: Guid(2c7e85f4b03483447a66947c83fb7468) Importer(815301076,1909f56bfc062723c751e8b465ee728b)
Start importing Assets/EffectExamples/FireExplosionEffects/Prefabs/WallFlames.prefab using Guid(2c7e85f4b03483447a66947c83fb7468) Importer(815301076,1909f56bfc062723c751e8b465ee728b)  -> (artifact id: '6329a68f30c8e90bb7e39fa2f00bbaad') in 0.295627 seconds 
========================================================================
Received Import Request.
  Time since last request: 0.000294 seconds.
  path: Assets/EffectExamples/FireExplosionEffects/Prefabs/DrippingFlames.prefab
  artifactKey: Guid(ce4133109fd2cb7469faad8e7c4307a4) Importer(815301076,1909f56bfc062723c751e8b465ee728b)
Start importing Assets/EffectExamples/FireExplosionEffects/Prefabs/DrippingFlames.prefab using Guid(ce4133109fd2cb7469faad8e7c4307a4) Importer(815301076,1909f56bfc062723c751e8b465ee728b)  -> (artifact id: 'd73ae6f87df13956c7bec9e831078cc3') in 0.045658 seconds 
========================================================================
Received Import Request.
  Time since last request: 0.000245 seconds.
  path: Assets/EffectExamples/FireExplosionEffects/Prefabs/FlameThrowerEffect.prefab
  artifactKey: Guid(3123da49cb81147489b444f2749aba47) Importer(815301076,1909f56bfc062723c751e8b465ee728b)
Start importing Assets/EffectExamples/FireExplosionEffects/Prefabs/FlameThrowerEffect.prefab using Guid(3123da49cb81147489b444f2749aba47) Importer(815301076,1909f56bfc062723c751e8b465ee728b)  -> (artifact id: '2e427c0e2cf989bcb6d5e7cfbab45842') in 0.048250 seconds 
========================================================================
Received Import Request.
  Time since last request: 0.000519 seconds.
  path: Assets/EffectExamples/FireExplosionEffects/Prefabs/TorchEffect.prefab
  artifactKey: Guid(3cdf614b79009ca49a2a5c117fb49c35) Importer(815301076,1909f56bfc062723c751e8b465ee728b)
Start importing Assets/EffectExamples/FireExplosionEffects/Prefabs/TorchEffect.prefab using Guid(3cdf614b79009ca49a2a5c117fb49c35) Importer(815301076,1909f56bfc062723c751e8b465ee728b)  -> (artifact id: 'aa032472baf306aa7774186622503a6b') in 0.023710 seconds 
========================================================================
Received Import Request.
  Time since last request: 0.000284 seconds.
  path: Assets/EffectExamples/FireExplosionEffects/Prefabs/SmallExplosionEffect.prefab
  artifactKey: Guid(ecdd96beb7f93494880c052dfccf9dc1) Importer(815301076,1909f56bfc062723c751e8b465ee728b)
Start importing Assets/EffectExamples/FireExplosionEffects/Prefabs/SmallExplosionEffect.prefab using Guid(ecdd96beb7f93494880c052dfccf9dc1) Importer(815301076,1909f56bfc062723c751e8b465ee728b)  -> (artifact id: '16d377f6f02647340fa14f81bf013df8') in 0.034667 seconds 
========================================================================
Received Import Request.
  Time since last request: 0.000358 seconds.
  path: Assets/EffectExamples/FireExplosionEffects/Prefabs/FlamesParticleEffect.prefab
  artifactKey: Guid(3228a22491941734bb83ad691d17fcb9) Importer(815301076,1909f56bfc062723c751e8b465ee728b)
Start importing Assets/EffectExamples/FireExplosionEffects/Prefabs/FlamesParticleEffect.prefab using Guid(3228a22491941734bb83ad691d17fcb9) Importer(815301076,1909f56bfc062723c751e8b465ee728b)  -> (artifact id: '8475ec364ac4a356d0ab1cd3549b96dc') in 0.020084 seconds 
========================================================================
Received Import Request.
  Time since last request: 0.000399 seconds.
  path: Assets/EffectExamples/FireExplosionEffects/Prefabs/RibbonSmoke.prefab
  artifactKey: Guid(4d35711ba17dcd4409264568d9155360) Importer(815301076,1909f56bfc062723c751e8b465ee728b)
Start importing Assets/EffectExamples/FireExplosionEffects/Prefabs/RibbonSmoke.prefab using Guid(4d35711ba17dcd4409264568d9155360) Importer(815301076,1909f56bfc062723c751e8b465ee728b)  -> (artifact id: '64b69779bba7a2c03b81b59e77079a23') in 0.041318 seconds 
========================================================================
Received Import Request.
  Time since last request: 0.000321 seconds.
  path: Assets/EffectExamples/FireExplosionEffects/Prefabs/FlamesEffects.prefab
  artifactKey: Guid(b9e167e31f640b34f87caab122fca598) Importer(815301076,1909f56bfc062723c751e8b465ee728b)
Start importing Assets/EffectExamples/FireExplosionEffects/Prefabs/FlamesEffects.prefab using Guid(b9e167e31f640b34f87caab122fca598) Importer(815301076,1909f56bfc062723c751e8b465ee728b)  -> (artifact id: '08b694dadb15768bef2ae5ef9e257113') in 0.044293 seconds 
========================================================================
Received Import Request.
  Time since last request: 2.544194 seconds.
  path: Assets/EffectExamples/FireExplosionEffects/Materials/FlameRoundYellowParticle.mat
  artifactKey: Guid(d7f098ed9997e714193be5e86df013f4) Importer(815301076,1909f56bfc062723c751e8b465ee728b)
Start importing Assets/EffectExamples/FireExplosionEffects/Materials/FlameRoundYellowParticle.mat using Guid(d7f098ed9997e714193be5e86df013f4) Importer(815301076,1909f56bfc062723c751e8b465ee728b)  -> (artifact id: '91b696b9008ea106bf84b2d34a130942') in 0.034415 seconds 
========================================================================
Received Prepare
Registering precompiled user dll's ...
Registered in 0.001637 seconds.
Begin MonoManager ReloadAssembly
Native extension for OSXStandalone target not found
Refreshing native plugins compatible for Editor in 0.51 ms, found 2 plugins.
Preloading 0 native plugins for Editor in 0.00 ms.
2022-05-30 12:39:39.915 Unity[43723:2181665] NSEventModifierFlagFunction specified to -setKeyEquivalentModifierMask: for item <NSMenuItem: 0x600002f00540 Font Asset, ke='Command-F12'>, but is only supported for system-provided menu items; will not be used
Mono: successfully reloaded assembly
- Completed reload, in  1.229 seconds
Domain Reload Profiling:
	ReloadAssembly (1230ms)
		BeginReloadAssembly (132ms)
			ExecutionOrderSort (0ms)
			DisableScriptedObjects (4ms)
			BackupInstance (0ms)
			ReleaseScriptingObjects (0ms)
			CreateAndSetChildDomain (57ms)
		EndReloadAssembly (1028ms)
			LoadAssemblies (86ms)
			RebuildTransferFunctionScriptingTraits (0ms)
			SetupTypeCache (347ms)
			ReleaseScriptCaches (1ms)
			RebuildScriptCaches (57ms)
			SetupLoadedEditorAssemblies (409ms)
				LogAssemblyErrors (0ms)
				InitializePlatformSupportModulesInManaged (4ms)
				SetLoadedEditorAssemblies (1ms)
				RefreshPlugins (1ms)
				BeforeProcessingInitializeOnLoad (125ms)
				ProcessInitializeOnLoadAttributes (269ms)
				ProcessInitializeOnLoadMethodAttributes (9ms)
				AfterProcessingInitializeOnLoad (1ms)
				EditorAssembliesLoaded (0ms)
			ExecutionOrderSort2 (0ms)
			AwakeInstancesAfterBackupRestoration (7ms)
Platform modules already initialized, skipping
Refreshing native plugins compatible for Editor in 0.53 ms, found 2 plugins.
Preloading 0 native plugins for Editor in 0.00 ms.
Unloading 2213 Unused Serialized files (Serialized files now loaded: 0)
System memory in use before: 260.3 MB.
System memory in use after: 260.5 MB.

Unloading 14 unused Assets to reduce memory usage. Loaded Objects now: 2820.
Total: 3.505770 ms (FindLiveObjects: 0.279865 ms CreateObjectMapping: 0.139533 ms MarkObjects: 3.049960 ms  DeleteObjects: 0.035463 ms)

AssetImportParameters requested are different than current active one (requested -> active):
  custom:video-decoder-ogg-theora: a1e56fd34408186e4bbccfd4996cb3dc -> 
  custom:container-muxer-webm: aa71ff27fc2769a1b78a27578f13a17b -> 
  custom:container-demuxer-webm: 4f35f7cbe854078d1ac9338744f61a02 -> 
  custom:container-demuxer-ogg: 62fdf1f143b41e24485cea50d1cbac27 -> 
  custom:video-encoder-webm-vp8: eb34c28f22e8b96e1ab97ce403110664 -> 
  custom:framework-osx-AVFoundation: e770b220cccbd017edd2c1fefb359320 -> 
  custom:video-decoder-webm-vp8: 9c59270c3fd7afecdb556c50c9e8de78 -> 
  custom:audio-decoder-ogg-vorbis: bf7c407c2cedff20999df2af8eb42d56 -> 
  custom:audio-encoder-webm-vorbis: bf7c407c2cedff20999df2af8eb42d56 -> 
========================================================================
Received Import Request.
  Time since last request: 509.329047 seconds.
  path: Assets/Prefabs/Mine Sample 2.prefab
  artifactKey: Guid(fa8aadfb07ca2034188c69c6f2ab4624) Importer(815301076,1909f56bfc062723c751e8b465ee728b)
Start importing Assets/Prefabs/Mine Sample 2.prefab using Guid(fa8aadfb07ca2034188c69c6f2ab4624) Importer(815301076,1909f56bfc062723c751e8b465ee728b)  -> (artifact id: '7010ef56977f91b7cc8ddcc454345394') in 0.071871 seconds 
========================================================================
Received Import Request.
  Time since last request: 44.286120 seconds.
  path: Assets/Prefabs/Bomb.prefab
  artifactKey: Guid(87cf81e3023f94ba2aa6579611f9eb3b) Importer(815301076,1909f56bfc062723c751e8b465ee728b)
Start importing Assets/Prefabs/Bomb.prefab using Guid(87cf81e3023f94ba2aa6579611f9eb3b) Importer(815301076,1909f56bfc062723c751e8b465ee728b)  -> (artifact id: '0c4151e34b9b6b9cdda68c5183fb395a') in 0.024553 seconds 
========================================================================
Received Import Request.
  Time since last request: 0.024150 seconds.
  path: Assets/Prefabs/WarPlane.prefab
  artifactKey: Guid(7e33e6f7d9bb84042a9bfc87fd2694b7) Importer(815301076,1909f56bfc062723c751e8b465ee728b)
Start importing Assets/Prefabs/WarPlane.prefab using Guid(7e33e6f7d9bb84042a9bfc87fd2694b7) Importer(815301076,1909f56bfc062723c751e8b465ee728b)  -> (artifact id: '1cb72e93bea8788cef8d2fdfff286ead') in 0.135501 seconds 
========================================================================
Received Import Request.
  Time since last request: 11.960644 seconds.
  path: Assets/Prefabs/BigExplosionEffect.prefab
  artifactKey: Guid(acf39d9f4addf294d93fa56fa373961b) Importer(815301076,1909f56bfc062723c751e8b465ee728b)
Start importing Assets/Prefabs/BigExplosionEffect.prefab using Guid(acf39d9f4addf294d93fa56fa373961b) Importer(815301076,1909f56bfc062723c751e8b465ee728b)  -> (artifact id: '30c70078ee5f16ad561e7cb6792e6b95') in 0.044652 seconds 
========================================================================
Received Import Request.
  Time since last request: 215.778481 seconds.
  path: Assets/EffectExamples/FireExplosionEffects/Textures/SmokePuff02ParticleSheet.tif
  artifactKey: Guid(26e206bd730800f4f82b828eb9f1c067) Importer(815301076,1909f56bfc062723c751e8b465ee728b)
Start importing Assets/EffectExamples/FireExplosionEffects/Textures/SmokePuff02ParticleSheet.tif using Guid(26e206bd730800f4f82b828eb9f1c067) Importer(815301076,1909f56bfc062723c751e8b465ee728b)  -> (artifact id: 'b4b547949313da9e3e425cd8e8a31228') in 0.042619 seconds 
========================================================================
Received Prepare
Registering precompiled user dll's ...
Registered in 0.001172 seconds.
Begin MonoManager ReloadAssembly
Native extension for OSXStandalone target not found
Refreshing native plugins compatible for Editor in 0.51 ms, found 2 plugins.
Preloading 0 native plugins for Editor in 0.00 ms.
2022-05-30 12:46:01.634 Unity[43723:2181665] NSEventModifierFlagFunction specified to -setKeyEquivalentModifierMask: for item <NSMenuItem: 0x600002f06920 Font Asset, ke='Command-F12'>, but is only supported for system-provided menu items; will not be used
Mono: successfully reloaded assembly
- Completed reload, in  1.279 seconds
Domain Reload Profiling:
	ReloadAssembly (1280ms)
		BeginReloadAssembly (135ms)
			ExecutionOrderSort (0ms)
			DisableScriptedObjects (6ms)
			BackupInstance (0ms)
			ReleaseScriptingObjects (0ms)
			CreateAndSetChildDomain (57ms)
		EndReloadAssembly (1073ms)
			LoadAssemblies (86ms)
			RebuildTransferFunctionScriptingTraits (0ms)
			SetupTypeCache (365ms)
			ReleaseScriptCaches (1ms)
			RebuildScriptCaches (53ms)
			SetupLoadedEditorAssemblies (440ms)
				LogAssemblyErrors (0ms)
				InitializePlatformSupportModulesInManaged (3ms)
				SetLoadedEditorAssemblies (1ms)
				RefreshPlugins (1ms)
				BeforeProcessingInitializeOnLoad (126ms)
				ProcessInitializeOnLoadAttributes (299ms)
				ProcessInitializeOnLoadMethodAttributes (10ms)
				AfterProcessingInitializeOnLoad (1ms)
				EditorAssembliesLoaded (0ms)
			ExecutionOrderSort2 (0ms)
			AwakeInstancesAfterBackupRestoration (8ms)
Platform modules already initialized, skipping
Refreshing native plugins compatible for Editor in 0.54 ms, found 2 plugins.
Preloading 0 native plugins for Editor in 0.00 ms.
Unloading 2212 Unused Serialized files (Serialized files now loaded: 0)
System memory in use before: 260.4 MB.
System memory in use after: 260.6 MB.

Unloading 13 unused Assets to reduce memory usage. Loaded Objects now: 2824.
Total: 3.591275 ms (FindLiveObjects: 0.198095 ms CreateObjectMapping: 0.099643 ms MarkObjects: 3.261130 ms  DeleteObjects: 0.031509 ms)

AssetImportParameters requested are different than current active one (requested -> active):
  custom:video-decoder-ogg-theora: a1e56fd34408186e4bbccfd4996cb3dc -> 
  custom:container-muxer-webm: aa71ff27fc2769a1b78a27578f13a17b -> 
  custom:container-demuxer-webm: 4f35f7cbe854078d1ac9338744f61a02 -> 
  custom:container-demuxer-ogg: 62fdf1f143b41e24485cea50d1cbac27 -> 
  custom:video-encoder-webm-vp8: eb34c28f22e8b96e1ab97ce403110664 -> 
  custom:framework-osx-AVFoundation: e770b220cccbd017edd2c1fefb359320 -> 
  custom:video-decoder-webm-vp8: 9c59270c3fd7afecdb556c50c9e8de78 -> 
  custom:audio-decoder-ogg-vorbis: bf7c407c2cedff20999df2af8eb42d56 -> 
  custom:audio-encoder-webm-vorbis: bf7c407c2cedff20999df2af8eb42d56 -> 
========================================================================
Received Import Request.
  Time since last request: 74.675061 seconds.
  path: Assets/Prefabs/WarPlane.prefab
  artifactKey: Guid(7e33e6f7d9bb84042a9bfc87fd2694b7) Importer(815301076,1909f56bfc062723c751e8b465ee728b)
Start importing Assets/Prefabs/WarPlane.prefab using Guid(7e33e6f7d9bb84042a9bfc87fd2694b7) Importer(815301076,1909f56bfc062723c751e8b465ee728b)  -> (artifact id: 'b078b68154000af7bee0b4426a511133') in 0.108474 seconds 
========================================================================
Received Import Request.
  Time since last request: 0.000606 seconds.
  path: Assets/Prefabs/Bomb.prefab
  artifactKey: Guid(87cf81e3023f94ba2aa6579611f9eb3b) Importer(815301076,1909f56bfc062723c751e8b465ee728b)
Start importing Assets/Prefabs/Bomb.prefab using Guid(87cf81e3023f94ba2aa6579611f9eb3b) Importer(815301076,1909f56bfc062723c751e8b465ee728b)  -> (artifact id: '7314747473075b87c780608d5a4cabfe') in 0.025956 seconds 
========================================================================
Received Import Request.
  Time since last request: 25.571584 seconds.
  path: Assets/Prefabs/Bomb.prefab
  artifactKey: Guid(87cf81e3023f94ba2aa6579611f9eb3b) Importer(815301076,1909f56bfc062723c751e8b465ee728b)
Start importing Assets/Prefabs/Bomb.prefab using Guid(87cf81e3023f94ba2aa6579611f9eb3b) Importer(815301076,1909f56bfc062723c751e8b465ee728b)  -> (artifact id: 'a0c5f053e18ab6c595534b8df8489628') in 0.015263 seconds 
========================================================================
Received Import Request.
  Time since last request: 0.000323 seconds.
  path: Assets/Prefabs/WarPlane.prefab
  artifactKey: Guid(7e33e6f7d9bb84042a9bfc87fd2694b7) Importer(815301076,1909f56bfc062723c751e8b465ee728b)
Start importing Assets/Prefabs/WarPlane.prefab using Guid(7e33e6f7d9bb84042a9bfc87fd2694b7) Importer(815301076,1909f56bfc062723c751e8b465ee728b)  -> (artifact id: '3bb36caa9f2ebc1d22bcf6c78afa2fa6') in 0.053431 seconds 
========================================================================
Received Import Request.
  Time since last request: 2.137660 seconds.
  path: Assets/Prefabs/Bomb.prefab
  artifactKey: Guid(87cf81e3023f94ba2aa6579611f9eb3b) Importer(815301076,1909f56bfc062723c751e8b465ee728b)
Start importing Assets/Prefabs/Bomb.prefab using Guid(87cf81e3023f94ba2aa6579611f9eb3b) Importer(815301076,1909f56bfc062723c751e8b465ee728b)  -> (artifact id: 'ecac673fae6ed64eb8bca160140e8e17') in 0.011693 seconds 
========================================================================
Received Import Request.
  Time since last request: 0.000340 seconds.
  path: Assets/Prefabs/WarPlane.prefab
  artifactKey: Guid(7e33e6f7d9bb84042a9bfc87fd2694b7) Importer(815301076,1909f56bfc062723c751e8b465ee728b)
Start importing Assets/Prefabs/WarPlane.prefab using Guid(7e33e6f7d9bb84042a9bfc87fd2694b7) Importer(815301076,1909f56bfc062723c751e8b465ee728b)  -> (artifact id: '066abd1730d24cbf49a8dbed43be914d') in 0.055518 seconds 
========================================================================
Received Import Request.
  Time since last request: 3.046088 seconds.
  path: Assets/Prefabs/Bomb.prefab
  artifactKey: Guid(87cf81e3023f94ba2aa6579611f9eb3b) Importer(815301076,1909f56bfc062723c751e8b465ee728b)
Start importing Assets/Prefabs/Bomb.prefab using Guid(87cf81e3023f94ba2aa6579611f9eb3b) Importer(815301076,1909f56bfc062723c751e8b465ee728b)  -> (artifact id: '66450426f8c48903147abfaeb76e3b8e') in 0.012732 seconds 
========================================================================
Received Import Request.
  Time since last request: 0.000271 seconds.
  path: Assets/Prefabs/WarPlane.prefab
  artifactKey: Guid(7e33e6f7d9bb84042a9bfc87fd2694b7) Importer(815301076,1909f56bfc062723c751e8b465ee728b)
Start importing Assets/Prefabs/WarPlane.prefab using Guid(7e33e6f7d9bb84042a9bfc87fd2694b7) Importer(815301076,1909f56bfc062723c751e8b465ee728b)  -> (artifact id: '20859cea3d34bbe8c94739946c468267') in 0.059931 seconds 
========================================================================
Received Prepare
Registering precompiled user dll's ...
Registered in 0.002317 seconds.
Begin MonoManager ReloadAssembly
Native extension for OSXStandalone target not found
Refreshing native plugins compatible for Editor in 0.59 ms, found 2 plugins.
Preloading 0 native plugins for Editor in 0.00 ms.
2022-05-30 12:47:21.731 Unity[43723:2181665] NSEventModifierFlagFunction specified to -setKeyEquivalentModifierMask: for item <NSMenuItem: 0x600002f6b8e0 Font Asset, ke='Command-F12'>, but is only supported for system-provided menu items; will not be used
Mono: successfully reloaded assembly
- Completed reload, in  1.166 seconds
Domain Reload Profiling:
	ReloadAssembly (1166ms)
		BeginReloadAssembly (129ms)
			ExecutionOrderSort (0ms)
			DisableScriptedObjects (6ms)
			BackupInstance (0ms)
			ReleaseScriptingObjects (0ms)
			CreateAndSetChildDomain (51ms)
		EndReloadAssembly (971ms)
			LoadAssemblies (81ms)
			RebuildTransferFunctionScriptingTraits (0ms)
			SetupTypeCache (342ms)
			ReleaseScriptCaches (1ms)
			RebuildScriptCaches (47ms)
			SetupLoadedEditorAssemblies (381ms)
				LogAssemblyErrors (0ms)
				InitializePlatformSupportModulesInManaged (3ms)
				SetLoadedEditorAssemblies (1ms)
				RefreshPlugins (1ms)
				BeforeProcessingInitializeOnLoad (116ms)
				ProcessInitializeOnLoadAttributes (250ms)
				ProcessInitializeOnLoadMethodAttributes (10ms)
				AfterProcessingInitializeOnLoad (1ms)
				EditorAssembliesLoaded (0ms)
			ExecutionOrderSort2 (0ms)
			AwakeInstancesAfterBackupRestoration (7ms)
Platform modules already initialized, skipping
Refreshing native plugins compatible for Editor in 0.53 ms, found 2 plugins.
Preloading 0 native plugins for Editor in 0.00 ms.
Unloading 2212 Unused Serialized files (Serialized files now loaded: 0)
System memory in use before: 260.6 MB.
System memory in use after: 260.9 MB.

Unloading 12 unused Assets to reduce memory usage. Loaded Objects now: 2828.
Total: 3.111859 ms (FindLiveObjects: 0.187198 ms CreateObjectMapping: 0.087390 ms MarkObjects: 2.815753 ms  DeleteObjects: 0.020888 ms)

AssetImportParameters requested are different than current active one (requested -> active):
  custom:video-decoder-ogg-theora: a1e56fd34408186e4bbccfd4996cb3dc -> 
  custom:container-muxer-webm: aa71ff27fc2769a1b78a27578f13a17b -> 
  custom:container-demuxer-webm: 4f35f7cbe854078d1ac9338744f61a02 -> 
  custom:container-demuxer-ogg: 62fdf1f143b41e24485cea50d1cbac27 -> 
  custom:video-encoder-webm-vp8: eb34c28f22e8b96e1ab97ce403110664 -> 
  custom:framework-osx-AVFoundation: e770b220cccbd017edd2c1fefb359320 -> 
  custom:video-decoder-webm-vp8: 9c59270c3fd7afecdb556c50c9e8de78 -> 
  custom:audio-decoder-ogg-vorbis: bf7c407c2cedff20999df2af8eb42d56 -> 
  custom:audio-encoder-webm-vorbis: bf7c407c2cedff20999df2af8eb42d56 -> 
========================================================================
Received Prepare
Registering precompiled user dll's ...
Registered in 0.001361 seconds.
Begin MonoManager ReloadAssembly
Native extension for OSXStandalone target not found
Refreshing native plugins compatible for Editor in 0.54 ms, found 2 plugins.
Preloading 0 native plugins for Editor in 0.00 ms.
2022-05-30 12:49:03.493 Unity[43723:2181665] NSEventModifierFlagFunction specified to -setKeyEquivalentModifierMask: for item <NSMenuItem: 0x600002f3e3e0 Font Asset, ke='Command-F12'>, but is only supported for system-provided menu items; will not be used
Mono: successfully reloaded assembly
- Completed reload, in  1.219 seconds
Domain Reload Profiling:
	ReloadAssembly (1219ms)
		BeginReloadAssembly (141ms)
			ExecutionOrderSort (0ms)
			DisableScriptedObjects (6ms)
			BackupInstance (0ms)
			ReleaseScriptingObjects (0ms)
			CreateAndSetChildDomain (60ms)
		EndReloadAssembly (1012ms)
			LoadAssemblies (86ms)
			RebuildTransferFunctionScriptingTraits (0ms)
			SetupTypeCache (352ms)
			ReleaseScriptCaches (1ms)
			RebuildScriptCaches (51ms)
			SetupLoadedEditorAssemblies (392ms)
				LogAssemblyErrors (0ms)
				InitializePlatformSupportModulesInManaged (4ms)
				SetLoadedEditorAssemblies (1ms)
				RefreshPlugins (1ms)
				BeforeProcessingInitializeOnLoad (127ms)
				ProcessInitializeOnLoadAttributes (251ms)
				ProcessInitializeOnLoadMethodAttributes (9ms)
				AfterProcessingInitializeOnLoad (1ms)
				EditorAssembliesLoaded (0ms)
			ExecutionOrderSort2 (0ms)
			AwakeInstancesAfterBackupRestoration (7ms)
Platform modules already initialized, skipping
Refreshing native plugins compatible for Editor in 0.54 ms, found 2 plugins.
Preloading 0 native plugins for Editor in 0.00 ms.
Unloading 2212 Unused Serialized files (Serialized files now loaded: 0)
System memory in use before: 260.8 MB.
System memory in use after: 261.0 MB.

Unloading 12 unused Assets to reduce memory usage. Loaded Objects now: 2831.
Total: 3.829966 ms (FindLiveObjects: 0.197500 ms CreateObjectMapping: 0.098232 ms MarkObjects: 3.509984 ms  DeleteObjects: 0.023412 ms)

AssetImportParameters requested are different than current active one (requested -> active):
  custom:video-decoder-ogg-theora: a1e56fd34408186e4bbccfd4996cb3dc -> 
  custom:container-muxer-webm: aa71ff27fc2769a1b78a27578f13a17b -> 
  custom:container-demuxer-webm: 4f35f7cbe854078d1ac9338744f61a02 -> 
  custom:container-demuxer-ogg: 62fdf1f143b41e24485cea50d1cbac27 -> 
  custom:video-encoder-webm-vp8: eb34c28f22e8b96e1ab97ce403110664 -> 
  custom:framework-osx-AVFoundation: e770b220cccbd017edd2c1fefb359320 -> 
  custom:video-decoder-webm-vp8: 9c59270c3fd7afecdb556c50c9e8de78 -> 
  custom:audio-decoder-ogg-vorbis: bf7c407c2cedff20999df2af8eb42d56 -> 
  custom:audio-encoder-webm-vorbis: bf7c407c2cedff20999df2af8eb42d56 -> 
========================================================================
Received Import Request.
  Time since last request: 209.810769 seconds.
  path: Assets/EffectExamples/FireExplosionEffects/Textures
  artifactKey: Guid(b570582a843ea1143a2446d355eda99b) Importer(815301076,1909f56bfc062723c751e8b465ee728b)
Start importing Assets/EffectExamples/FireExplosionEffects/Textures using Guid(b570582a843ea1143a2446d355eda99b) Importer(815301076,1909f56bfc062723c751e8b465ee728b)  -> (artifact id: 'e6c9c19445d3e1810ee2a510983b86ec') in 0.009686 seconds 
========================================================================
Received Import Request.
  Time since last request: 3.590823 seconds.
  path: Assets/EffectExamples/FireExplosionEffects/Materials
  artifactKey: Guid(d55d5882cc8028a459a0a5793070b388) Importer(815301076,1909f56bfc062723c751e8b465ee728b)
Start importing Assets/EffectExamples/FireExplosionEffects/Materials using Guid(d55d5882cc8028a459a0a5793070b388) Importer(815301076,1909f56bfc062723c751e8b465ee728b)  -> (artifact id: '0500226547e3487a9eacb9adee1e10e3') in 0.001325 seconds 
========================================================================
Received Import Request.
  Time since last request: 1.376794 seconds.
  path: Assets/EffectExamples/FireExplosionEffects/Materials/DebrisParticle.mat
  artifactKey: Guid(72815344e9e9c7446895e130936932d7) Importer(815301076,1909f56bfc062723c751e8b465ee728b)
Start importing Assets/EffectExamples/FireExplosionEffects/Materials/DebrisParticle.mat using Guid(72815344e9e9c7446895e130936932d7) Importer(815301076,1909f56bfc062723c751e8b465ee728b)  -> (artifact id: '73bd41172a20f6f167af7fa49f869e43') in 0.154605 seconds 
========================================================================
Received Import Request.
  Time since last request: 0.000273 seconds.
  path: Assets/EffectExamples/FireExplosionEffects/Materials/EmbersParticle.mat
  artifactKey: Guid(776677ab3818fb249adaca05f4e04545) Importer(815301076,1909f56bfc062723c751e8b465ee728b)
Start importing Assets/EffectExamples/FireExplosionEffects/Materials/EmbersParticle.mat using Guid(776677ab3818fb249adaca05f4e04545) Importer(815301076,1909f56bfc062723c751e8b465ee728b)  -> (artifact id: '879d17eac1f7cb0c4606d6f121e003de') in 0.030485 seconds 
========================================================================
Received Import Request.
  Time since last request: 0.001049 seconds.
  path: Assets/EffectExamples/FireExplosionEffects/Materials/PlasmaExplosionParticle.mat
  artifactKey: Guid(7ff1ab0b724442843965e2dd0f02e969) Importer(815301076,1909f56bfc062723c751e8b465ee728b)
Start importing Assets/EffectExamples/FireExplosionEffects/Materials/PlasmaExplosionParticle.mat using Guid(7ff1ab0b724442843965e2dd0f02e969) Importer(815301076,1909f56bfc062723c751e8b465ee728b)  -> (artifact id: 'f39b8ce63111a61b72b0904d7656b5d9') in 0.082838 seconds 
========================================================================
Received Import Request.
  Time since last request: 0.000361 seconds.
  path: Assets/EffectExamples/FireExplosionEffects/Materials/SmokeLightParticle.mat
  artifactKey: Guid(f06455b167e1b0b428c9af62d7aa6832) Importer(815301076,1909f56bfc062723c751e8b465ee728b)
Start importing Assets/EffectExamples/FireExplosionEffects/Materials/SmokeLightParticle.mat using Guid(f06455b167e1b0b428c9af62d7aa6832) Importer(815301076,1909f56bfc062723c751e8b465ee728b)  -> (artifact id: '3f868ad02dd374c53ab6170217028e02') in 0.115227 seconds 
========================================================================
Received Import Request.
  Time since last request: 0.000291 seconds.
  path: Assets/EffectExamples/FireExplosionEffects/Materials/SmokeDarkParticle.mat
  artifactKey: Guid(698a8134f4ebbbd4e848648685f68067) Importer(815301076,1909f56bfc062723c751e8b465ee728b)
Start importing Assets/EffectExamples/FireExplosionEffects/Materials/SmokeDarkParticle.mat using Guid(698a8134f4ebbbd4e848648685f68067) Importer(815301076,1909f56bfc062723c751e8b465ee728b)  -> (artifact id: '6e6b384f53f41a4067c6c446bc4ef326') in 0.037911 seconds 
========================================================================
Received Import Request.
  Time since last request: 0.000583 seconds.
  path: Assets/EffectExamples/FireExplosionEffects/Materials/IgnitionFlameParticle.mat
  artifactKey: Guid(f53f1a24bb4ef8f4d879ea7b3a5197e5) Importer(815301076,1909f56bfc062723c751e8b465ee728b)
Start importing Assets/EffectExamples/FireExplosionEffects/Materials/IgnitionFlameParticle.mat using Guid(f53f1a24bb4ef8f4d879ea7b3a5197e5) Importer(815301076,1909f56bfc062723c751e8b465ee728b)  -> (artifact id: 'dbdaf6359ebeda11583989c2cf4eaf00') in 0.012944 seconds 
========================================================================
Received Import Request.
  Time since last request: 0.000367 seconds.
  path: Assets/EffectExamples/FireExplosionEffects/Materials/PlasmaFireParticle.mat
  artifactKey: Guid(b5387d3c2ba98fc44a0f5744f94ce48c) Importer(815301076,1909f56bfc062723c751e8b465ee728b)
Start importing Assets/EffectExamples/FireExplosionEffects/Materials/PlasmaFireParticle.mat using Guid(b5387d3c2ba98fc44a0f5744f94ce48c) Importer(815301076,1909f56bfc062723c751e8b465ee728b)  -> (artifact id: '1a9c2f98211a7a02cdc44ec07a9828bf') in 0.063038 seconds 
========================================================================
Received Import Request.
  Time since last request: 0.000290 seconds.
  path: Assets/EffectExamples/FireExplosionEffects/Materials/LightningParticle.mat
  artifactKey: Guid(123ac6dc79004e54b8b352a7e64acdca) Importer(815301076,1909f56bfc062723c751e8b465ee728b)
Start importing Assets/EffectExamples/FireExplosionEffects/Materials/LightningParticle.mat using Guid(123ac6dc79004e54b8b352a7e64acdca) Importer(815301076,1909f56bfc062723c751e8b465ee728b)  -> (artifact id: 'd103cc04536074c94faaa9a1c74e0803') in 0.023998 seconds 
========================================================================
Received Import Request.
  Time since last request: 0.000218 seconds.
  path: Assets/EffectExamples/FireExplosionEffects/Materials/FlameParticle.mat
  artifactKey: Guid(bd8c234372a08af408b82538314378fe) Importer(815301076,1909f56bfc062723c751e8b465ee728b)
Start importing Assets/EffectExamples/FireExplosionEffects/Materials/FlameParticle.mat using Guid(bd8c234372a08af408b82538314378fe) Importer(815301076,1909f56bfc062723c751e8b465ee728b)  -> (artifact id: 'c78d76dbf982bd393434307e57c2beb4') in 0.012467 seconds 
========================================================================
Received Import Request.
  Time since last request: 0.000690 seconds.
  path: Assets/EffectExamples/FireExplosionEffects/Materials/ShockWaveParticle.mat
  artifactKey: Guid(f88239865da4c79468e051ceb78c0317) Importer(815301076,1909f56bfc062723c751e8b465ee728b)
Start importing Assets/EffectExamples/FireExplosionEffects/Materials/ShockWaveParticle.mat using Guid(f88239865da4c79468e051ceb78c0317) Importer(815301076,1909f56bfc062723c751e8b465ee728b)  -> (artifact id: 'a6def4ef1c8f410f53c9d611a868b55f') in 0.024486 seconds 
========================================================================
Received Import Request.
  Time since last request: 893.013536 seconds.
  path: Assets/External/Materials/Clicker.mat
  artifactKey: Guid(415d68e2f22064cc9b7870f0dea0792b) Importer(815301076,1909f56bfc062723c751e8b465ee728b)
Start importing Assets/External/Materials/Clicker.mat using Guid(415d68e2f22064cc9b7870f0dea0792b) Importer(815301076,1909f56bfc062723c751e8b465ee728b)  -> (artifact id: '7cd8690209eedd360179a5a4c36acfe5') in 0.051471 seconds 
========================================================================
Received Import Request.
  Time since last request: 97.270502 seconds.
  path: Assets/Prefabs/Shalter.prefab
  artifactKey: Guid(406e487b68f694afd8272ec9d7b253ee) Importer(815301076,1909f56bfc062723c751e8b465ee728b)
Start importing Assets/Prefabs/Shalter.prefab using Guid(406e487b68f694afd8272ec9d7b253ee) Importer(815301076,1909f56bfc062723c751e8b465ee728b)  -> (artifact id: '27aebc6d0704e114df312d279bc2f8c8') in 0.058169 seconds 
========================================================================
Received Import Request.
  Time since last request: 16.169387 seconds.
  path: Assets/Scenes/Level-2.unity
  artifactKey: Guid(b4b6b58524e034b78bf314f2857f1d20) Importer(815301076,1909f56bfc062723c751e8b465ee728b)
Start importing Assets/Scenes/Level-2.unity using Guid(b4b6b58524e034b78bf314f2857f1d20) Importer(815301076,1909f56bfc062723c751e8b465ee728b)  -> (artifact id: '4a868d7831dce92dabe704fbe89ae1b4') in 0.001317 seconds 
========================================================================
Received Prepare
Registering precompiled user dll's ...
Registered in 0.001134 seconds.
Begin MonoManager ReloadAssembly
Native extension for OSXStandalone target not found
Refreshing native plugins compatible for Editor in 0.47 ms, found 2 plugins.
Preloading 0 native plugins for Editor in 0.00 ms.
2022-05-30 13:11:16.976 Unity[43723:2181665] NSEventModifierFlagFunction specified to -setKeyEquivalentModifierMask: for item <NSMenuItem: 0x600002f3ff70 Font Asset, ke='Command-F12'>, but is only supported for system-provided menu items; will not be used
Mono: successfully reloaded assembly
- Completed reload, in  1.343 seconds
Domain Reload Profiling:
	ReloadAssembly (1344ms)
		BeginReloadAssembly (225ms)
			ExecutionOrderSort (0ms)
			DisableScriptedObjects (8ms)
			BackupInstance (0ms)
			ReleaseScriptingObjects (0ms)
			CreateAndSetChildDomain (118ms)
		EndReloadAssembly (1045ms)
			LoadAssemblies (99ms)
			RebuildTransferFunctionScriptingTraits (0ms)
			SetupTypeCache (366ms)
			ReleaseScriptCaches (1ms)
			RebuildScriptCaches (48ms)
			SetupLoadedEditorAssemblies (413ms)
				LogAssemblyErrors (0ms)
				InitializePlatformSupportModulesInManaged (4ms)
				SetLoadedEditorAssemblies (1ms)
				RefreshPlugins (1ms)
				BeforeProcessingInitializeOnLoad (129ms)
				ProcessInitializeOnLoadAttributes (269ms)
				ProcessInitializeOnLoadMethodAttributes (9ms)
				AfterProcessingInitializeOnLoad (1ms)
				EditorAssembliesLoaded (0ms)
			ExecutionOrderSort2 (0ms)
			AwakeInstancesAfterBackupRestoration (7ms)
Platform modules already initialized, skipping
Refreshing native plugins compatible for Editor in 0.93 ms, found 2 plugins.
Preloading 0 native plugins for Editor in 0.00 ms.
Unloading 2212 Unused Serialized files (Serialized files now loaded: 0)
System memory in use before: 261.3 MB.
System memory in use after: 261.5 MB.

Unloading 13 unused Assets to reduce memory usage. Loaded Objects now: 2836.
Total: 4.696358 ms (FindLiveObjects: 0.340881 ms CreateObjectMapping: 0.122582 ms MarkObjects: 4.166282 ms  DeleteObjects: 0.064925 ms)

AssetImportParameters requested are different than current active one (requested -> active):
  custom:video-decoder-ogg-theora: a1e56fd34408186e4bbccfd4996cb3dc -> 
  custom:container-muxer-webm: aa71ff27fc2769a1b78a27578f13a17b -> 
  custom:container-demuxer-webm: 4f35f7cbe854078d1ac9338744f61a02 -> 
  custom:container-demuxer-ogg: 62fdf1f143b41e24485cea50d1cbac27 -> 
  custom:video-encoder-webm-vp8: eb34c28f22e8b96e1ab97ce403110664 -> 
  custom:framework-osx-AVFoundation: e770b220cccbd017edd2c1fefb359320 -> 
  custom:video-decoder-webm-vp8: 9c59270c3fd7afecdb556c50c9e8de78 -> 
  custom:audio-decoder-ogg-vorbis: bf7c407c2cedff20999df2af8eb42d56 -> 
  custom:audio-encoder-webm-vorbis: bf7c407c2cedff20999df2af8eb42d56 -> 
========================================================================
Received Prepare
Registering precompiled user dll's ...
Registered in 0.010134 seconds.
Begin MonoManager ReloadAssembly
Native extension for OSXStandalone target not found
Refreshing native plugins compatible for Editor in 1.48 ms, found 2 plugins.
Preloading 0 native plugins for Editor in 0.00 ms.
2022-05-30 13:13:30.473 Unity[43723:2181665] NSEventModifierFlagFunction specified to -setKeyEquivalentModifierMask: for item <NSMenuItem: 0x600002f0b250 Font Asset, ke='Command-F12'>, but is only supported for system-provided menu items; will not be used
Mono: successfully reloaded assembly
- Completed reload, in  1.503 seconds
Domain Reload Profiling:
	ReloadAssembly (1504ms)
		BeginReloadAssembly (207ms)
			ExecutionOrderSort (0ms)
			DisableScriptedObjects (7ms)
			BackupInstance (0ms)
			ReleaseScriptingObjects (0ms)
			CreateAndSetChildDomain (66ms)
		EndReloadAssembly (1223ms)
			LoadAssemblies (164ms)
			RebuildTransferFunctionScriptingTraits (0ms)
			SetupTypeCache (385ms)
			ReleaseScriptCaches (1ms)
			RebuildScriptCaches (64ms)
			SetupLoadedEditorAssemblies (504ms)
				LogAssemblyErrors (0ms)
				InitializePlatformSupportModulesInManaged (7ms)
				SetLoadedEditorAssemblies (1ms)
				RefreshPlugins (2ms)
				BeforeProcessingInitializeOnLoad (191ms)
				ProcessInitializeOnLoadAttributes (289ms)
				ProcessInitializeOnLoadMethodAttributes (12ms)
				AfterProcessingInitializeOnLoad (1ms)
				EditorAssembliesLoaded (0ms)
			ExecutionOrderSort2 (0ms)
			AwakeInstancesAfterBackupRestoration (8ms)
Platform modules already initialized, skipping
Refreshing native plugins compatible for Editor in 0.51 ms, found 2 plugins.
Preloading 0 native plugins for Editor in 0.00 ms.
Unloading 2212 Unused Serialized files (Serialized files now loaded: 0)
System memory in use before: 261.5 MB.
System memory in use after: 261.7 MB.

Unloading 12 unused Assets to reduce memory usage. Loaded Objects now: 2839.
Total: 4.252561 ms (FindLiveObjects: 0.218586 ms CreateObjectMapping: 0.092292 ms MarkObjects: 3.860076 ms  DeleteObjects: 0.080601 ms)

AssetImportParameters requested are different than current active one (requested -> active):
  custom:video-decoder-ogg-theora: a1e56fd34408186e4bbccfd4996cb3dc -> 
  custom:container-muxer-webm: aa71ff27fc2769a1b78a27578f13a17b -> 
  custom:container-demuxer-webm: 4f35f7cbe854078d1ac9338744f61a02 -> 
  custom:container-demuxer-ogg: 62fdf1f143b41e24485cea50d1cbac27 -> 
  custom:video-encoder-webm-vp8: eb34c28f22e8b96e1ab97ce403110664 -> 
  custom:framework-osx-AVFoundation: e770b220cccbd017edd2c1fefb359320 -> 
  custom:video-decoder-webm-vp8: 9c59270c3fd7afecdb556c50c9e8de78 -> 
  custom:audio-decoder-ogg-vorbis: bf7c407c2cedff20999df2af8eb42d56 -> 
  custom:audio-encoder-webm-vorbis: bf7c407c2cedff20999df2af8eb42d56 -> 
========================================================================
Received Prepare
Registering precompiled user dll's ...
Registered in 0.005339 seconds.
Begin MonoManager ReloadAssembly
Native extension for OSXStandalone target not found
Refreshing native plugins compatible for Editor in 0.59 ms, found 2 plugins.
Preloading 0 native plugins for Editor in 0.00 ms.
2022-05-30 13:20:06.198 Unity[43723:2181665] NSEventModifierFlagFunction specified to -setKeyEquivalentModifierMask: for item <NSMenuItem: 0x600002f0c770 Font Asset, ke='Command-F12'>, but is only supported for system-provided menu items; will not be used
Mono: successfully reloaded assembly
- Completed reload, in  1.335 seconds
Domain Reload Profiling:
	ReloadAssembly (1335ms)
		BeginReloadAssembly (184ms)
			ExecutionOrderSort (0ms)
			DisableScriptedObjects (6ms)
			BackupInstance (0ms)
			ReleaseScriptingObjects (0ms)
			CreateAndSetChildDomain (57ms)
		EndReloadAssembly (1085ms)
			LoadAssemblies (157ms)
			RebuildTransferFunctionScriptingTraits (0ms)
			SetupTypeCache (369ms)
			ReleaseScriptCaches (1ms)
			RebuildScriptCaches (53ms)
			SetupLoadedEditorAssemblies (420ms)
				LogAssemblyErrors (0ms)
				InitializePlatformSupportModulesInManaged (4ms)
				SetLoadedEditorAssemblies (1ms)
				RefreshPlugins (1ms)
				BeforeProcessingInitializeOnLoad (122ms)
				ProcessInitializeOnLoadAttributes (277ms)
				ProcessInitializeOnLoadMethodAttributes (14ms)
				AfterProcessingInitializeOnLoad (1ms)
				EditorAssembliesLoaded (0ms)
			ExecutionOrderSort2 (0ms)
			AwakeInstancesAfterBackupRestoration (8ms)
Platform modules already initialized, skipping
Refreshing native plugins compatible for Editor in 0.52 ms, found 2 plugins.
Preloading 0 native plugins for Editor in 0.00 ms.
Unloading 2212 Unused Serialized files (Serialized files now loaded: 0)
System memory in use before: 261.7 MB.
System memory in use after: 261.9 MB.

Unloading 12 unused Assets to reduce memory usage. Loaded Objects now: 2842.
Total: 3.106925 ms (FindLiveObjects: 0.185444 ms CreateObjectMapping: 0.086847 ms MarkObjects: 2.814000 ms  DeleteObjects: 0.019971 ms)

AssetImportParameters requested are different than current active one (requested -> active):
  custom:video-decoder-ogg-theora: a1e56fd34408186e4bbccfd4996cb3dc -> 
  custom:container-muxer-webm: aa71ff27fc2769a1b78a27578f13a17b -> 
  custom:container-demuxer-webm: 4f35f7cbe854078d1ac9338744f61a02 -> 
  custom:container-demuxer-ogg: 62fdf1f143b41e24485cea50d1cbac27 -> 
  custom:video-encoder-webm-vp8: eb34c28f22e8b96e1ab97ce403110664 -> 
  custom:framework-osx-AVFoundation: e770b220cccbd017edd2c1fefb359320 -> 
  custom:video-decoder-webm-vp8: 9c59270c3fd7afecdb556c50c9e8de78 -> 
  custom:audio-decoder-ogg-vorbis: bf7c407c2cedff20999df2af8eb42d56 -> 
  custom:audio-encoder-webm-vorbis: bf7c407c2cedff20999df2af8eb42d56 -> 
========================================================================
Received Import Request.
  Time since last request: 977.656718 seconds.
  path: Assets/Prefabs/Shalter.prefab
  artifactKey: Guid(406e487b68f694afd8272ec9d7b253ee) Importer(815301076,1909f56bfc062723c751e8b465ee728b)
Start importing Assets/Prefabs/Shalter.prefab using Guid(406e487b68f694afd8272ec9d7b253ee) Importer(815301076,1909f56bfc062723c751e8b465ee728b)  -> (artifact id: 'e60a366a7ee99380a15385968d7fb4f5') in 0.073674 seconds 
========================================================================
Received Import Request.
  Time since last request: 196.875559 seconds.
  path: Assets/Prefabs/Shalter.prefab
  artifactKey: Guid(406e487b68f694afd8272ec9d7b253ee) Importer(815301076,1909f56bfc062723c751e8b465ee728b)
Start importing Assets/Prefabs/Shalter.prefab using Guid(406e487b68f694afd8272ec9d7b253ee) Importer(815301076,1909f56bfc062723c751e8b465ee728b)  -> (artifact id: '58a9da50eaf159f72a5b8ef72064b22c') in 0.016503 seconds 
========================================================================
Received Import Request.
  Time since last request: 4.672249 seconds.
  path: Assets/Prefabs/Shalter.prefab
  artifactKey: Guid(406e487b68f694afd8272ec9d7b253ee) Importer(815301076,1909f56bfc062723c751e8b465ee728b)
Start importing Assets/Prefabs/Shalter.prefab using Guid(406e487b68f694afd8272ec9d7b253ee) Importer(815301076,1909f56bfc062723c751e8b465ee728b)  -> (artifact id: '4d756955f6e845ed7dd23a17c3a81a73') in 0.012091 seconds 
========================================================================
Received Import Request.
  Time since last request: 3.779227 seconds.
  path: Assets/Prefabs/Shalter.prefab
  artifactKey: Guid(406e487b68f694afd8272ec9d7b253ee) Importer(815301076,1909f56bfc062723c751e8b465ee728b)
Start importing Assets/Prefabs/Shalter.prefab using Guid(406e487b68f694afd8272ec9d7b253ee) Importer(815301076,1909f56bfc062723c751e8b465ee728b)  -> (artifact id: 'fbdec4a3568f1f9a2f18bf6711328494') in 0.013521 seconds 
========================================================================
Received Import Request.
  Time since last request: 170.616933 seconds.
  path: Assets/Prefabs/Shalter.prefab
  artifactKey: Guid(406e487b68f694afd8272ec9d7b253ee) Importer(815301076,1909f56bfc062723c751e8b465ee728b)
Start importing Assets/Prefabs/Shalter.prefab using Guid(406e487b68f694afd8272ec9d7b253ee) Importer(815301076,1909f56bfc062723c751e8b465ee728b)  -> (artifact id: '1cd3183c9268785e5d014fd69b6e38de') in 0.015153 seconds 
========================================================================
Received Import Request.
  Time since last request: 69.786121 seconds.
  path: Assets/Prefabs/Shalter.prefab
  artifactKey: Guid(406e487b68f694afd8272ec9d7b253ee) Importer(815301076,1909f56bfc062723c751e8b465ee728b)
Start importing Assets/Prefabs/Shalter.prefab using Guid(406e487b68f694afd8272ec9d7b253ee) Importer(815301076,1909f56bfc062723c751e8b465ee728b)  -> (artifact id: '9b36313ecc1f17c0968e9eae2dbe9d94') in 0.018383 seconds 
========================================================================
Received Import Request.
  Time since last request: 10.512665 seconds.
  path: Assets/Prefabs/Shalter.prefab
  artifactKey: Guid(406e487b68f694afd8272ec9d7b253ee) Importer(815301076,1909f56bfc062723c751e8b465ee728b)
Start importing Assets/Prefabs/Shalter.prefab using Guid(406e487b68f694afd8272ec9d7b253ee) Importer(815301076,1909f56bfc062723c751e8b465ee728b)  -> (artifact id: 'c6b3dd79858fdbe2a7cd29309f8ca8c9') in 0.012865 seconds 
========================================================================
Received Import Request.
  Time since last request: 5.089215 seconds.
  path: Assets/Prefabs/Shalter.prefab
  artifactKey: Guid(406e487b68f694afd8272ec9d7b253ee) Importer(815301076,1909f56bfc062723c751e8b465ee728b)
Start importing Assets/Prefabs/Shalter.prefab using Guid(406e487b68f694afd8272ec9d7b253ee) Importer(815301076,1909f56bfc062723c751e8b465ee728b)  -> (artifact id: '24c022dfa1ac2e37967cda35ee79e03e') in 0.014676 seconds 
========================================================================
Received Prepare
Registering precompiled user dll's ...
Registered in 0.001321 seconds.
Begin MonoManager ReloadAssembly
Native extension for OSXStandalone target not found
Refreshing native plugins compatible for Editor in 0.61 ms, found 2 plugins.
Preloading 0 native plugins for Editor in 0.00 ms.
2022-05-30 13:36:27.986 Unity[43723:2181665] NSEventModifierFlagFunction specified to -setKeyEquivalentModifierMask: for item <NSMenuItem: 0x600002f2aca0 Font Asset, ke='Command-F12'>, but is only supported for system-provided menu items; will not be used
Mono: successfully reloaded assembly
- Completed reload, in  1.558 seconds
Domain Reload Profiling:
	ReloadAssembly (1583ms)
		BeginReloadAssembly (417ms)
			ExecutionOrderSort (0ms)
			DisableScriptedObjects (19ms)
			BackupInstance (0ms)
			ReleaseScriptingObjects (0ms)
			CreateAndSetChildDomain (175ms)
		EndReloadAssembly (1078ms)
			LoadAssemblies (111ms)
			RebuildTransferFunctionScriptingTraits (0ms)
			SetupTypeCache (380ms)
			ReleaseScriptCaches (2ms)
			RebuildScriptCaches (52ms)
			SetupLoadedEditorAssemblies (411ms)
				LogAssemblyErrors (0ms)
				InitializePlatformSupportModulesInManaged (5ms)
				SetLoadedEditorAssemblies (1ms)
				RefreshPlugins (1ms)
				BeforeProcessingInitializeOnLoad (127ms)
				ProcessInitializeOnLoadAttributes (266ms)
				ProcessInitializeOnLoadMethodAttributes (10ms)
				AfterProcessingInitializeOnLoad (1ms)
				EditorAssembliesLoaded (0ms)
			ExecutionOrderSort2 (0ms)
			AwakeInstancesAfterBackupRestoration (8ms)
Platform modules already initialized, skipping
Refreshing native plugins compatible for Editor in 0.49 ms, found 2 plugins.
Preloading 0 native plugins for Editor in 0.00 ms.
Unloading 2212 Unused Serialized files (Serialized files now loaded: 0)
System memory in use before: 261.9 MB.
System memory in use after: 262.1 MB.

Unloading 12 unused Assets to reduce memory usage. Loaded Objects now: 2846.
Total: 3.282906 ms (FindLiveObjects: 0.227407 ms CreateObjectMapping: 0.091117 ms MarkObjects: 2.889354 ms  DeleteObjects: 0.074292 ms)

AssetImportParameters requested are different than current active one (requested -> active):
  custom:video-decoder-ogg-theora: a1e56fd34408186e4bbccfd4996cb3dc -> 
  custom:container-muxer-webm: aa71ff27fc2769a1b78a27578f13a17b -> 
  custom:container-demuxer-webm: 4f35f7cbe854078d1ac9338744f61a02 -> 
  custom:container-demuxer-ogg: 62fdf1f143b41e24485cea50d1cbac27 -> 
  custom:video-encoder-webm-vp8: eb34c28f22e8b96e1ab97ce403110664 -> 
  custom:framework-osx-AVFoundation: e770b220cccbd017edd2c1fefb359320 -> 
  custom:video-decoder-webm-vp8: 9c59270c3fd7afecdb556c50c9e8de78 -> 
  custom:audio-decoder-ogg-vorbis: bf7c407c2cedff20999df2af8eb42d56 -> 
  custom:audio-encoder-webm-vorbis: bf7c407c2cedff20999df2af8eb42d56 -> 
========================================================================
Received Prepare
Registering precompiled user dll's ...
Registered in 0.007657 seconds.
Begin MonoManager ReloadAssembly
Native extension for OSXStandalone target not found
Refreshing native plugins compatible for Editor in 0.62 ms, found 2 plugins.
Preloading 0 native plugins for Editor in 0.00 ms.
2022-05-30 13:46:03.071 Unity[43723:2181665] NSEventModifierFlagFunction specified to -setKeyEquivalentModifierMask: for item <NSMenuItem: 0x600002f2a760 Font Asset, ke='Command-F12'>, but is only supported for system-provided menu items; will not be used
Mono: successfully reloaded assembly
- Completed reload, in  1.513 seconds
Domain Reload Profiling:
	ReloadAssembly (1514ms)
		BeginReloadAssembly (192ms)
			ExecutionOrderSort (0ms)
			DisableScriptedObjects (6ms)
			BackupInstance (0ms)
			ReleaseScriptingObjects (0ms)
			CreateAndSetChildDomain (54ms)
		EndReloadAssembly (1254ms)
			LoadAssemblies (172ms)
			RebuildTransferFunctionScriptingTraits (0ms)
			SetupTypeCache (437ms)
			ReleaseScriptCaches (1ms)
			RebuildScriptCaches (75ms)
			SetupLoadedEditorAssemblies (412ms)
				LogAssemblyErrors (0ms)
				InitializePlatformSupportModulesInManaged (5ms)
				SetLoadedEditorAssemblies (1ms)
				RefreshPlugins (1ms)
				BeforeProcessingInitializeOnLoad (126ms)
				ProcessInitializeOnLoadAttributes (265ms)
				ProcessInitializeOnLoadMethodAttributes (14ms)
				AfterProcessingInitializeOnLoad (1ms)
				EditorAssembliesLoaded (0ms)
			ExecutionOrderSort2 (0ms)
			AwakeInstancesAfterBackupRestoration (7ms)
Platform modules already initialized, skipping
Refreshing native plugins compatible for Editor in 0.63 ms, found 2 plugins.
Preloading 0 native plugins for Editor in 0.00 ms.
Unloading 2212 Unused Serialized files (Serialized files now loaded: 0)
System memory in use before: 262.0 MB.
System memory in use after: 262.2 MB.

Unloading 12 unused Assets to reduce memory usage. Loaded Objects now: 2849.
Total: 4.897706 ms (FindLiveObjects: 0.237899 ms CreateObjectMapping: 0.132863 ms MarkObjects: 4.501546 ms  DeleteObjects: 0.024348 ms)

AssetImportParameters requested are different than current active one (requested -> active):
  custom:video-decoder-ogg-theora: a1e56fd34408186e4bbccfd4996cb3dc -> 
  custom:container-muxer-webm: aa71ff27fc2769a1b78a27578f13a17b -> 
  custom:container-demuxer-webm: 4f35f7cbe854078d1ac9338744f61a02 -> 
  custom:container-demuxer-ogg: 62fdf1f143b41e24485cea50d1cbac27 -> 
  custom:video-encoder-webm-vp8: eb34c28f22e8b96e1ab97ce403110664 -> 
  custom:framework-osx-AVFoundation: e770b220cccbd017edd2c1fefb359320 -> 
  custom:video-decoder-webm-vp8: 9c59270c3fd7afecdb556c50c9e8de78 -> 
  custom:audio-decoder-ogg-vorbis: bf7c407c2cedff20999df2af8eb42d56 -> 
  custom:audio-encoder-webm-vorbis: bf7c407c2cedff20999df2af8eb42d56 -> 
========================================================================
Received Import Request.
  Time since last request: 2323.709817 seconds.
  path: Assets/Script/CollisionController.cs
  artifactKey: Guid(c9abdb6dc2b6d49839dbdc34f253b641) Importer(815301076,1909f56bfc062723c751e8b465ee728b)
Start importing Assets/Script/CollisionController.cs using Guid(c9abdb6dc2b6d49839dbdc34f253b641) Importer(815301076,1909f56bfc062723c751e8b465ee728b)  -> (artifact id: '00c136553c4b6a140c05e660f19d7ec3') in 0.230241 seconds 
========================================================================
Received Import Request.
  Time since last request: 51.220204 seconds.
  path: ProjectSettings/TagManager.asset
  artifactKey: Guid(00000000000000003000000000000000) Importer(815301076,1909f56bfc062723c751e8b465ee728b)
Start importing ProjectSettings/TagManager.asset using Guid(00000000000000003000000000000000) Importer(815301076,1909f56bfc062723c751e8b465ee728b)  -> (artifact id: '19de8b37e27b85f5191204e4b039f669') in 0.073613 seconds 
========================================================================
Received Import Request.
  Time since last request: 102.603318 seconds.
  path: Assets/Scenes/Level1.unity
  artifactKey: Guid(9fc0d4010bbf28b4594072e72b8655ab) Importer(815301076,1909f56bfc062723c751e8b465ee728b)
Start importing Assets/Scenes/Level1.unity using Guid(9fc0d4010bbf28b4594072e72b8655ab) Importer(815301076,1909f56bfc062723c751e8b465ee728b)  -> (artifact id: '3e6047ab4cb7d045939b836225c985b6') in 0.001792 seconds 
========================================================================
Received Import Request.
  Time since last request: 25.608982 seconds.
  path: ProjectSettings/TagManager.asset
  artifactKey: Guid(00000000000000003000000000000000) Importer(815301076,1909f56bfc062723c751e8b465ee728b)
Start importing ProjectSettings/TagManager.asset using Guid(00000000000000003000000000000000) Importer(815301076,1909f56bfc062723c751e8b465ee728b)  -> (artifact id: 'a1c523da4aadc56fd4dc30c5be8e2ca3') in 0.006631 seconds 
========================================================================
Received Prepare
Registering precompiled user dll's ...
Registered in 0.004773 seconds.
Begin MonoManager ReloadAssembly
Native extension for OSXStandalone target not found
Refreshing native plugins compatible for Editor in 0.52 ms, found 2 plugins.
Preloading 0 native plugins for Editor in 0.00 ms.
2022-05-30 17:33:12.893 Unity[43723:2181665] NSEventModifierFlagFunction specified to -setKeyEquivalentModifierMask: for item <NSMenuItem: 0x600002f02220 Font Asset, ke='Command-F12'>, but is only supported for system-provided menu items; will not be used
Mono: successfully reloaded assembly
- Completed reload, in  1.542 seconds
Domain Reload Profiling:
	ReloadAssembly (1543ms)
		BeginReloadAssembly (263ms)
			ExecutionOrderSort (0ms)
			DisableScriptedObjects (8ms)
			BackupInstance (0ms)
			ReleaseScriptingObjects (0ms)
			CreateAndSetChildDomain (104ms)
		EndReloadAssembly (1104ms)
			LoadAssemblies (174ms)
			RebuildTransferFunctionScriptingTraits (0ms)
			SetupTypeCache (387ms)
			ReleaseScriptCaches (2ms)
			RebuildScriptCaches (52ms)
			SetupLoadedEditorAssemblies (418ms)
				LogAssemblyErrors (0ms)
				InitializePlatformSupportModulesInManaged (4ms)
				SetLoadedEditorAssemblies (1ms)
				RefreshPlugins (1ms)
				BeforeProcessingInitializeOnLoad (129ms)
				ProcessInitializeOnLoadAttributes (269ms)
				ProcessInitializeOnLoadMethodAttributes (13ms)
				AfterProcessingInitializeOnLoad (1ms)
				EditorAssembliesLoaded (0ms)
			ExecutionOrderSort2 (0ms)
			AwakeInstancesAfterBackupRestoration (7ms)
Platform modules already initialized, skipping
Refreshing native plugins compatible for Editor in 0.48 ms, found 2 plugins.
Preloading 0 native plugins for Editor in 0.00 ms.
Unloading 2212 Unused Serialized files (Serialized files now loaded: 0)
System memory in use before: 266.4 MB.
System memory in use after: 266.7 MB.

Unloading 14 unused Assets to reduce memory usage. Loaded Objects now: 2852.
Total: 3.677459 ms (FindLiveObjects: 0.398684 ms CreateObjectMapping: 0.160534 ms MarkObjects: 3.081826 ms  DeleteObjects: 0.035377 ms)

AssetImportParameters requested are different than current active one (requested -> active):
  custom:video-decoder-ogg-theora: a1e56fd34408186e4bbccfd4996cb3dc -> 
  custom:container-muxer-webm: aa71ff27fc2769a1b78a27578f13a17b -> 
  custom:container-demuxer-webm: 4f35f7cbe854078d1ac9338744f61a02 -> 
  custom:container-demuxer-ogg: 62fdf1f143b41e24485cea50d1cbac27 -> 
  custom:video-encoder-webm-vp8: eb34c28f22e8b96e1ab97ce403110664 -> 
  custom:framework-osx-AVFoundation: e770b220cccbd017edd2c1fefb359320 -> 
  custom:video-decoder-webm-vp8: 9c59270c3fd7afecdb556c50c9e8de78 -> 
  custom:audio-decoder-ogg-vorbis: bf7c407c2cedff20999df2af8eb42d56 -> 
  custom:audio-encoder-webm-vorbis: bf7c407c2cedff20999df2af8eb42d56 -> 
========================================================================
Received Import Request.
  Time since last request: 173.868653 seconds.
  path: ProjectSettings/TagManager.asset
  artifactKey: Guid(00000000000000003000000000000000) Importer(815301076,1909f56bfc062723c751e8b465ee728b)
Start importing ProjectSettings/TagManager.asset using Guid(00000000000000003000000000000000) Importer(815301076,1909f56bfc062723c751e8b465ee728b)  -> (artifact id: '9b88ddab411eb9a2087330ef1cc339be') in 0.022953 seconds 
AssetImportWorkerClient::OnTransportError - code=2 error=End of file
